Create.c(104): Значение outboundFlight билета с чётной ценой = 003.OpenPage_ticket_FindFlight_ex2	[MsgId: MMSG-17999]
Create.c(104): Значение outboundFlight билета с чётной ценой = 	[MsgId: MMSG-17999]
Create.c(104): Значение outboundFlight билета с чётной ценой = Already connected [2] to localhost:1080	[MsgId: MMSG-17999]
Create.c(110): Случайный номер билета из числа четных = 1	[MsgId: MMSG-17999]
Create.c(111): Выбран этот билет = Connecting [0] to host 127.0.0.1:1080	[MsgId: MMSG-17999]
Create.c(72): Цена 1 билета = 867	[MsgId: MMSG-17999]
Create.c(73): Цена 2 билета = 773	[MsgId: MMSG-17999]
Create.c(74): Цена 3 билета = 820	[MsgId: MMSG-17999]
Create.c(75): Цена 4 билета = 709	[MsgId: MMSG-17999]
Create.c(82): Значение outboundFlight 1 = 470;867;04/11/2021	[MsgId: MMSG-17999]
Create.c(83): Значение outboundFlight 2 = 471;773;04/11/2021	[MsgId: MMSG-17999]
Create.c(84): Значение outboundFlight 3 = 472;820;04/11/2021	[MsgId: MMSG-17999]
Create.c(85): Значение outboundFlight 4 = 473;709;04/11/2021	[MsgId: MMSG-17999]
Create.c(100): Количество билетов с чётной ценой = 4	[MsgId: MMSG-17999]
Create.c(104): Значение outboundFlight билета с чётной ценой = Already connected [1] to localhost:1080	[MsgId: MMSG-17999]
Create.c(104): Значение outboundFlight билета с чётной ценой = 004.Create_ticket_FindFlight_ex2	[MsgId: MMSG-17999]
Create.c(104): Значение outboundFlight билета с чётной ценой = Value={true	[MsgId: MMSG-17999]
Create.c(104): Значение outboundFlight билета с чётной ценой = Connecting [3] to host 127.0.0.1:1080	[MsgId: MMSG-17999]
Create.c(110): Случайный номер билета из числа четных = 1	[MsgId: MMSG-17999]
Create.c(111): Выбран этот билет = Already connected [1] to localhost:1080	[MsgId: MMSG-17999]
Create.c(179): Информация о билете: = :  8am : Flight Connecting [1] to host 127.0.0.1:1080 leaves Denver  for Denver	[MsgId: MMSG-17999]
Create.c(72): Цена 1 билета = 126	[MsgId: MMSG-17999]
Create.c(73): Цена 2 билета = 112	[MsgId: MMSG-17999]
Create.c(74): Цена 3 билета = 119	[MsgId: MMSG-17999]
Create.c(75): Цена 4 билета = 103	[MsgId: MMSG-17999]
Create.c(82): Значение outboundFlight 1 = 670;126;04/11/2021	[MsgId: MMSG-17999]
Create.c(83): Значение outboundFlight 2 = 671;112;04/11/2021	[MsgId: MMSG-17999]
Create.c(84): Значение outboundFlight 3 = 672;119;04/11/2021	[MsgId: MMSG-17999]
Create.c(85): Значение outboundFlight 4 = 673;103;04/11/2021	[MsgId: MMSG-17999]
Create.c(100): Количество билетов с чётной ценой = 4	[MsgId: MMSG-17999]
Create.c(104): Значение outboundFlight билета с чётной ценой = Already connected [1] to localhost:1080	[MsgId: MMSG-17999]
Create.c(104): Значение outboundFlight билета с чётной ценой = 181;2037;04/11/2021	[MsgId: MMSG-17999]
Create.c(104): Значение outboundFlight билета с чётной ценой = Value=181;2037;04/11/2021	[MsgId: MMSG-17999]
Create.c(104): Значение outboundFlight билета с чётной ценой = Already connected [1] to localhost:1080	[MsgId: MMSG-17999]
Create.c(110): Случайный номер билета из числа четных = 1	[MsgId: MMSG-17999]
Create.c(111): Выбран этот билет = Already connected [1] to localhost:1080	[MsgId: MMSG-17999]
Create.c(72): Цена 1 билета = 839	[MsgId: MMSG-17999]
Create.c(73): Цена 2 билета = 747	[MsgId: MMSG-17999]
Create.c(74): Цена 3 билета = 793	[MsgId: MMSG-17999]
Create.c(75): Цена 4 билета = 686	[MsgId: MMSG-17999]
Create.c(82): Значение outboundFlight 1 = 790;839;04/11/2021	[MsgId: MMSG-17999]
Create.c(83): Значение outboundFlight 2 = 791;747;04/11/2021	[MsgId: MMSG-17999]
Create.c(84): Значение outboundFlight 3 = 792;793;04/11/2021	[MsgId: MMSG-17999]
Create.c(85): Значение outboundFlight 4 = 793;686;04/11/2021	[MsgId: MMSG-17999]
Create.c(100): Количество билетов с чётной ценой = 4	[MsgId: MMSG-17999]
Create.c(104): Значение outboundFlight билета с чётной ценой = 003.OpenPage_ticket_FindFlight_ex2	[MsgId: MMSG-17999]
Create.c(104): Значение outboundFlight билета с чётной ценой = Connecting [1] to host 127.0.0.1:1080	[MsgId: MMSG-17999]
Create.c(104): Значение outboundFlight билета с чётной ценой = Connecting [4] to host 127.0.0.1:1080	[MsgId: MMSG-17999]
Create.c(104): Значение outboundFlight билета с чётной ценой = Already connected [0] to localhost:8086	[MsgId: MMSG-17999]
Create.c(110): Случайный номер билета из числа четных = 1	[MsgId: MMSG-17999]
Create.c(111): Выбран этот билет = 003.OpenPage_ticket_FindFlight_ex2	[MsgId: MMSG-17999]
Create.c(179): Информация о билете: = :  8am : Flight Connecting [0] to host 127.0.0.1:1080 leaves Denver  for Denver	[MsgId: MMSG-17999]
Create.c(179): Информация о билете: = :  8am : Flight Already connected [1] to localhost:1080 leaves Denver  for Denver	[MsgId: MMSG-17999]
Create.c(179): Информация о билете: = :  8am : Flight Already connected [1] to localhost:1080 leaves Denver  for Denver	[MsgId: MMSG-17999]
Create.c(72): Цена 1 билета = 819	[MsgId: MMSG-17999]
Create.c(73): Цена 2 билета = 730	[MsgId: MMSG-17999]
Create.c(74): Цена 3 билета = 775	[MsgId: MMSG-17999]
Create.c(75): Цена 4 билета = 670	[MsgId: MMSG-17999]
Create.c(82): Значение outboundFlight 1 = 720;819;04/11/2021	[MsgId: MMSG-17999]
Create.c(83): Значение outboundFlight 2 = 721;730;04/11/2021	[MsgId: MMSG-17999]
Create.c(84): Значение outboundFlight 3 = 722;775;04/11/2021	[MsgId: MMSG-17999]
Create.c(85): Значение outboundFlight 4 = 723;670;04/11/2021	[MsgId: MMSG-17999]
Create.c(100): Количество билетов с чётной ценой = 4	[MsgId: MMSG-17999]
Create.c(104): Значение outboundFlight билета с чётной ценой = Connecting [1] to host 127.0.0.1:1080	[MsgId: MMSG-17999]
Create.c(104): Значение outboundFlight билета с чётной ценой = Already connected [2] to localhost:1080	[MsgId: MMSG-17999]
Create.c(104): Значение outboundFlight билета с чётной ценой = 6	[MsgId: MMSG-17999]
Create.c(104): Значение outboundFlight билета с чётной ценой = Connecting [3] to host 127.0.0.1:1080	[MsgId: MMSG-17999]
Create.c(110): Случайный номер билета из числа четных = 1	[MsgId: MMSG-17999]
Create.c(111): Выбран этот билет = Connecting [1] to host 127.0.0.1:1080	[MsgId: MMSG-17999]
Create.c(179): Информация о билете: = :  11pm : Flight 003.OpenPage_ticket_FindFlight_ex2 leaves Denver  for Denver	[MsgId: MMSG-17999]
Create.c(72): Цена 1 билета = 839	[MsgId: MMSG-17999]
Create.c(73): Цена 2 билета = 747	[MsgId: MMSG-17999]
Create.c(74): Цена 3 билета = 793	[MsgId: MMSG-17999]
Create.c(75): Цена 4 билета = 686	[MsgId: MMSG-17999]
Create.c(82): Значение outboundFlight 1 = 970;839;04/11/2021	[MsgId: MMSG-17999]
Create.c(83): Значение outboundFlight 2 = 971;747;04/11/2021	[MsgId: MMSG-17999]
Create.c(84): Значение outboundFlight 3 = 972;793;04/11/2021	[MsgId: MMSG-17999]
Create.c(85): Значение outboundFlight 4 = 973;686;04/11/2021	[MsgId: MMSG-17999]
Create.c(100): Количество билетов с чётной ценой = 4	[MsgId: MMSG-17999]
Create.c(104): Значение outboundFlight билета с чётной ценой = Already connected [1] to localhost:1080	[MsgId: MMSG-17999]
Create.c(104): Значение outboundFlight билета с чётной ценой = Already connected [0] to localhost:8086	[MsgId: MMSG-17999]
Create.c(104): Значение outboundFlight билета с чётной ценой = Already connected [1] to localhost:1080	[MsgId: MMSG-17999]
Create.c(104): Значение outboundFlight билета с чётной ценой = Connecting [3] to host 127.0.0.1:1080	[MsgId: MMSG-17999]
Create.c(110): Случайный номер билета из числа четных = 1	[MsgId: MMSG-17999]
Create.c(111): Выбран этот билет = Already connected [1] to localhost:1080	[MsgId: MMSG-17999]
Create.c(72): Цена 1 билета = 253	[MsgId: MMSG-17999]
Create.c(73): Цена 2 билета = 225	[MsgId: MMSG-17999]
Create.c(74): Цена 3 билета = 239	[MsgId: MMSG-17999]
Create.c(75): Цена 4 билета = 207	[MsgId: MMSG-17999]
Create.c(82): Значение outboundFlight 1 = 730;253;04/11/2021	[MsgId: MMSG-17999]
Create.c(83): Значение outboundFlight 2 = 731;225;04/11/2021	[MsgId: MMSG-17999]
Create.c(84): Значение outboundFlight 3 = 732;239;04/11/2021	[MsgId: MMSG-17999]
Create.c(85): Значение outboundFlight 4 = 733;207;04/11/2021	[MsgId: MMSG-17999]
Create.c(100): Количество билетов с чётной ценой = 4	[MsgId: MMSG-17999]
Create.c(104): Значение outboundFlight билета с чётной ценой = Already connected [2] to localhost:1080	[MsgId: MMSG-17999]
Create.c(104): Значение outboundFlight билета с чётной ценой = 003.OpenPage_ticket_FindFlight_ex2	[MsgId: MMSG-17999]
Create.c(104): Значение outboundFlight билета с чётной ценой = 	[MsgId: MMSG-17999]
Create.c(104): Значение outboundFlight билета с чётной ценой = Already connected [2] to localhost:1080	[MsgId: MMSG-17999]
Create.c(110): Случайный номер билета из числа четных = 1	[MsgId: MMSG-17999]
Create.c(111): Выбран этот билет = Already connected [2] to localhost:1080	[MsgId: MMSG-17999]
Create.c(72): Цена 1 билета = 1041	[MsgId: MMSG-17999]
Create.c(73): Цена 2 билета = 927	[MsgId: MMSG-17999]
Create.c(74): Цена 3 билета = 984	[MsgId: MMSG-17999]
Create.c(75): Цена 4 билета = 852	[MsgId: MMSG-17999]
Create.c(82): Значение outboundFlight 1 = 520;1041;04/11/2021	[MsgId: MMSG-17999]
Create.c(83): Значение outboundFlight 2 = 521;927;04/11/2021	[MsgId: MMSG-17999]
Create.c(84): Значение outboundFlight 3 = 522;984;04/11/2021	[MsgId: MMSG-17999]
Create.c(85): Значение outboundFlight 4 = 523;852;04/11/2021	[MsgId: MMSG-17999]
Create.c(100): Количество билетов с чётной ценой = 4	[MsgId: MMSG-17999]
Create.c(104): Значение outboundFlight билета с чётной ценой = Already connected [1] to localhost:1080	[MsgId: MMSG-17999]
Create.c(104): Значение outboundFlight билета с чётной ценой = 181;2037;04/11/2021	[MsgId: MMSG-17999]
Create.c(104): Значение outboundFlight билета с чётной ценой = Value=181;2037;04/11/2021	[MsgId: MMSG-17999]
Create.c(104): Значение outboundFlight билета с чётной ценой = Already connected [1] to localhost:1080	[MsgId: MMSG-17999]
Create.c(110): Случайный номер билета из числа четных = 1	[MsgId: MMSG-17999]
Create.c(111): Выбран этот билет = Already connected [1] to localhost:1080	[MsgId: MMSG-17999]
Create.c(179): Информация о билете: = :  8am : Flight Connecting [1] to host 127.0.0.1:1080 leaves Denver  for Denver	[MsgId: MMSG-17999]
Create.c(72): Цена 1 билета = 328	[MsgId: MMSG-17999]
Create.c(73): Цена 2 билета = 292	[MsgId: MMSG-17999]
Create.c(74): Цена 3 билета = 310	[MsgId: MMSG-17999]
Create.c(75): Цена 4 билета = 268	[MsgId: MMSG-17999]
Create.c(82): Значение outboundFlight 1 = 310;328;04/11/2021	[MsgId: MMSG-17999]
Create.c(83): Значение outboundFlight 2 = 311;292;04/11/2021	[MsgId: MMSG-17999]
Create.c(84): Значение outboundFlight 3 = 312;310;04/11/2021	[MsgId: MMSG-17999]
Create.c(85): Значение outboundFlight 4 = 313;268;04/11/2021	[MsgId: MMSG-17999]
Create.c(100): Количество билетов с чётной ценой = 4	[MsgId: MMSG-17999]
Create.c(104): Значение outboundFlight билета с чётной ценой = 003.OpenPage_ticket_FindFlight_ex2	[MsgId: MMSG-17999]
Create.c(104): Значение outboundFlight билета с чётной ценой = Connecting [1] to host 127.0.0.1:1080	[MsgId: MMSG-17999]
Create.c(104): Значение outboundFlight билета с чётной ценой = Connecting [4] to host 127.0.0.1:1080	[MsgId: MMSG-17999]
Create.c(104): Значение outboundFlight билета с чётной ценой = Already connected [0] to localhost:8086	[MsgId: MMSG-17999]
Create.c(110): Случайный номер билета из числа четных = 1	[MsgId: MMSG-17999]
Create.c(111): Выбран этот билет = 003.OpenPage_ticket_FindFlight_ex2	[MsgId: MMSG-17999]
Create.c(179): Информация о билете: = :  8am : Flight Already connected [1] to localhost:1080 leaves Denver  for Denver	[MsgId: MMSG-17999]
Create.c(116): Error -26612: HTTP Status-Code=500 (Internal Server Error) for "http://localhost:1080/cgi-bin/reservations.pl"  	[MsgId: MERR-26612]
Create.c(179): Информация о билете: = :  8am : Flight Already connected [2] to localhost:1080 leaves Denver  for Denver	[MsgId: MMSG-17999]
Create.c(72): Цена 1 билета = 1073	[MsgId: MMSG-17999]
Create.c(73): Цена 2 билета = 956	[MsgId: MMSG-17999]
Create.c(74): Цена 3 билета = 1015	[MsgId: MMSG-17999]
Create.c(75): Цена 4 билета = 878	[MsgId: MMSG-17999]
Create.c(82): Значение outboundFlight 1 = 890;1073;04/11/2021	[MsgId: MMSG-17999]
Create.c(83): Значение outboundFlight 2 = 891;956;04/11/2021	[MsgId: MMSG-17999]
Create.c(84): Значение outboundFlight 3 = 892;1015;04/11/2021	[MsgId: MMSG-17999]
Create.c(85): Значение outboundFlight 4 = 893;878;04/11/2021	[MsgId: MMSG-17999]
Create.c(100): Количество билетов с чётной ценой = 4	[MsgId: MMSG-17999]
Create.c(104): Значение outboundFlight билета с чётной ценой = Connecting [1] to host 127.0.0.1:1080	[MsgId: MMSG-17999]
Create.c(104): Значение outboundFlight билета с чётной ценой = Already connected [2] to localhost:1080	[MsgId: MMSG-17999]
Create.c(104): Значение outboundFlight билета с чётной ценой = 6	[MsgId: MMSG-17999]
Create.c(104): Значение outboundFlight билета с чётной ценой = Connecting [3] to host 127.0.0.1:1080	[MsgId: MMSG-17999]
Create.c(110): Случайный номер билета из числа четных = 1	[MsgId: MMSG-17999]
Create.c(111): Выбран этот билет = Connecting [1] to host 127.0.0.1:1080	[MsgId: MMSG-17999]
Create.c(179): Информация о билете: = :  11pm : Flight 003.OpenPage_ticket_FindFlight_ex2 leaves Denver  for Denver	[MsgId: MMSG-17999]
Create.c(72): Цена 1 билета = 268	[MsgId: MMSG-17999]
Create.c(73): Цена 2 билета = 238	[MsgId: MMSG-17999]
Create.c(74): Цена 3 билета = 253	[MsgId: MMSG-17999]
Create.c(75): Цена 4 билета = 219	[MsgId: MMSG-17999]
Create.c(82): Значение outboundFlight 1 = 940;268;04/11/2021	[MsgId: MMSG-17999]
Create.c(83): Значение outboundFlight 2 = 941;238;04/11/2021	[MsgId: MMSG-17999]
Create.c(84): Значение outboundFlight 3 = 942;253;04/11/2021	[MsgId: MMSG-17999]
Create.c(85): Значение outboundFlight 4 = 943;219;04/11/2021	[MsgId: MMSG-17999]
Create.c(100): Количество билетов с чётной ценой = 4	[MsgId: MMSG-17999]
Create.c(104): Значение outboundFlight билета с чётной ценой = Already connected [1] to localhost:1080	[MsgId: MMSG-17999]
Create.c(104): Значение outboundFlight билета с чётной ценой = 181;2037;04/11/2021	[MsgId: MMSG-17999]
Create.c(104): Значение outboundFlight билета с чётной ценой = Value=181;2037;04/11/2021	[MsgId: MMSG-17999]
Create.c(104): Значение outboundFlight билета с чётной ценой = Already connected [1] to localhost:1080	[MsgId: MMSG-17999]
Create.c(110): Случайный номер билета из числа четных = 1	[MsgId: MMSG-17999]
Create.c(111): Выбран этот билет = Already connected [1] to localhost:1080	[MsgId: MMSG-17999]
Create.c(72): Цена 1 билета = 805	[MsgId: MMSG-17999]
Create.c(73): Цена 2 билета = 717	[MsgId: MMSG-17999]
Create.c(74): Цена 3 билета = 761	[MsgId: MMSG-17999]
Create.c(75): Цена 4 билета = 658	[MsgId: MMSG-17999]
Create.c(82): Значение outboundFlight 1 = 850;805;04/11/2021	[MsgId: MMSG-17999]
Create.c(83): Значение outboundFlight 2 = 851;717;04/11/2021	[MsgId: MMSG-17999]
Create.c(84): Значение outboundFlight 3 = 852;761;04/11/2021	[MsgId: MMSG-17999]
Create.c(85): Значение outboundFlight 4 = 853;658;04/11/2021	[MsgId: MMSG-17999]
Create.c(100): Количество билетов с чётной ценой = 4	[MsgId: MMSG-17999]
Create.c(104): Значение outboundFlight билета с чётной ценой = Already connected [1] to localhost:1080	[MsgId: MMSG-17999]
Create.c(104): Значение outboundFlight билета с чётной ценой = Already connected [0] to localhost:8086	[MsgId: MMSG-17999]
Create.c(104): Значение outboundFlight билета с чётной ценой = Already connected [1] to localhost:1080	[MsgId: MMSG-17999]
Create.c(104): Значение outboundFlight билета с чётной ценой = Connecting [3] to host 127.0.0.1:1080	[MsgId: MMSG-17999]
Create.c(110): Случайный номер билета из числа четных = 1	[MsgId: MMSG-17999]
Create.c(111): Выбран этот билет = Already connected [1] to localhost:1080	[MsgId: MMSG-17999]
Create.c(72): Цена 1 билета = 86	[MsgId: MMSG-17999]
Create.c(73): Цена 2 билета = 77	[MsgId: MMSG-17999]
Create.c(74): Цена 3 билета = 82	[MsgId: MMSG-17999]
Create.c(75): Цена 4 билета = 71	[MsgId: MMSG-17999]
Create.c(82): Значение outboundFlight 1 = 670;86;04/11/2021	[MsgId: MMSG-17999]
Create.c(83): Значение outboundFlight 2 = 671;77;04/11/2021	[MsgId: MMSG-17999]
Create.c(84): Значение outboundFlight 3 = 672;82;04/11/2021	[MsgId: MMSG-17999]
Create.c(85): Значение outboundFlight 4 = 673;71;04/11/2021	[MsgId: MMSG-17999]
Create.c(100): Количество билетов с чётной ценой = 4	[MsgId: MMSG-17999]
Create.c(104): Значение outboundFlight билета с чётной ценой = Already connected [2] to localhost:1080	[MsgId: MMSG-17999]
Create.c(104): Значение outboundFlight билета с чётной ценой = Already connected [2] to localhost:1080	[MsgId: MMSG-17999]
Create.c(104): Значение outboundFlight билета с чётной ценой = 	[MsgId: MMSG-17999]
Create.c(104): Значение outboundFlight билета с чётной ценой = Already connected [2] to localhost:1080	[MsgId: MMSG-17999]
Create.c(110): Случайный номер билета из числа четных = 1	[MsgId: MMSG-17999]
Create.c(111): Выбран этот билет = Already connected [2] to localhost:1080	[MsgId: MMSG-17999]
Create.c(179): Информация о билете: = :  8am : Flight Connecting [1] to host 127.0.0.1:1080 leaves Denver  for Denver	[MsgId: MMSG-17999]
Create.c(72): Цена 1 билета = 447	[MsgId: MMSG-17999]
Create.c(73): Цена 2 билета = 398	[MsgId: MMSG-17999]
Create.c(74): Цена 3 билета = 423	[MsgId: MMSG-17999]
Create.c(75): Цена 4 билета = 366	[MsgId: MMSG-17999]
Create.c(82): Значение outboundFlight 1 = 970;447;04/11/2021	[MsgId: MMSG-17999]
Create.c(83): Значение outboundFlight 2 = 971;398;04/11/2021	[MsgId: MMSG-17999]
Create.c(84): Значение outboundFlight 3 = 972;423;04/11/2021	[MsgId: MMSG-17999]
Create.c(85): Значение outboundFlight 4 = 973;366;04/11/2021	[MsgId: MMSG-17999]
Create.c(100): Количество билетов с чётной ценой = 4	[MsgId: MMSG-17999]
Create.c(104): Значение outboundFlight билета с чётной ценой = 003.OpenPage_ticket_FindFlight_ex2	[MsgId: MMSG-17999]
Create.c(104): Значение outboundFlight билета с чётной ценой = Connecting [1] to host 127.0.0.1:1080	[MsgId: MMSG-17999]
Create.c(104): Значение outboundFlight билета с чётной ценой = Connecting [4] to host 127.0.0.1:1080	[MsgId: MMSG-17999]
Create.c(104): Значение outboundFlight билета с чётной ценой = Already connected [0] to localhost:8086	[MsgId: MMSG-17999]
Create.c(110): Случайный номер билета из числа четных = 1	[MsgId: MMSG-17999]
Create.c(111): Выбран этот билет = 003.OpenPage_ticket_FindFlight_ex2	[MsgId: MMSG-17999]
Create.c(179): Информация о билете: = :  8am : Flight Already connected [1] to localhost:1080 leaves Denver  for Denver	[MsgId: MMSG-17999]
Create.c(179): Информация о билете: = :  8am : Flight Already connected [1] to localhost:1080 leaves Denver  for Denver	[MsgId: MMSG-17999]
Create.c(179): Информация о билете: = :  8am : Flight Already connected [2] to localhost:1080 leaves Denver  for Denver	[MsgId: MMSG-17999]
Create.c(179): Информация о билете: = :  11pm : Flight 003.OpenPage_ticket_FindFlight_ex2 leaves Denver  for Denver	[MsgId: MMSG-17999]
Create.c(72): Цена 1 билета = 1060	[MsgId: MMSG-17999]
Create.c(73): Цена 2 билета = 944	[MsgId: MMSG-17999]
Create.c(74): Цена 3 билета = 1002	[MsgId: MMSG-17999]
Create.c(75): Цена 4 билета = 867	[MsgId: MMSG-17999]
Create.c(82): Значение outboundFlight 1 = 270;1060;04/11/2021	[MsgId: MMSG-17999]
Create.c(83): Значение outboundFlight 2 = 271;944;04/11/2021	[MsgId: MMSG-17999]
Create.c(84): Значение outboundFlight 3 = 272;1002;04/11/2021	[MsgId: MMSG-17999]
Create.c(85): Значение outboundFlight 4 = 273;867;04/11/2021	[MsgId: MMSG-17999]
Create.c(100): Количество билетов с чётной ценой = 4	[MsgId: MMSG-17999]
Create.c(104): Значение outboundFlight билета с чётной ценой = 004.Create_ticket_FindFlight_ex2	[MsgId: MMSG-17999]
Create.c(104): Значение outboundFlight билета с чётной ценой = 	[MsgId: MMSG-17999]
Create.c(104): Значение outboundFlight билета с чётной ценой = 6	[MsgId: MMSG-17999]
Create.c(104): Значение outboundFlight билета с чётной ценой = Connecting [3] to host 127.0.0.1:1080	[MsgId: MMSG-17999]
Create.c(110): Случайный номер билета из числа четных = 4	[MsgId: MMSG-17999]
Create.c(111): Выбран этот билет = Connecting [3] to host 127.0.0.1:1080	[MsgId: MMSG-17999]
Create.c(72): Цена 1 билета = 472	[MsgId: MMSG-17999]
Create.c(73): Цена 2 билета = 420	[MsgId: MMSG-17999]
Create.c(74): Цена 3 билета = 446	[MsgId: MMSG-17999]
Create.c(75): Цена 4 билета = 386	[MsgId: MMSG-17999]
Create.c(82): Значение outboundFlight 1 = 300;472;04/11/2021	[MsgId: MMSG-17999]
Create.c(83): Значение outboundFlight 2 = 301;420;04/11/2021	[MsgId: MMSG-17999]
Create.c(84): Значение outboundFlight 3 = 302;446;04/11/2021	[MsgId: MMSG-17999]
Create.c(85): Значение outboundFlight 4 = 303;386;04/11/2021	[MsgId: MMSG-17999]
Create.c(100): Количество билетов с чётной ценой = 4	[MsgId: MMSG-17999]
Create.c(104): Значение outboundFlight билета с чётной ценой = Already connected [1] to localhost:1080	[MsgId: MMSG-17999]
Create.c(104): Значение outboundFlight билета с чётной ценой = 181;2037;04/11/2021	[MsgId: MMSG-17999]
Create.c(104): Значение outboundFlight билета с чётной ценой = Value=181;2037;04/11/2021	[MsgId: MMSG-17999]
Create.c(104): Значение outboundFlight билета с чётной ценой = Already connected [1] to localhost:1080	[MsgId: MMSG-17999]
Create.c(110): Случайный номер билета из числа четных = 4	[MsgId: MMSG-17999]
Create.c(111): Выбран этот билет = Already connected [1] to localhost:1080	[MsgId: MMSG-17999]
Create.c(72): Цена 1 билета = 287	[MsgId: MMSG-17999]
Create.c(73): Цена 2 билета = 255	[MsgId: MMSG-17999]
Create.c(74): Цена 3 билета = 271	[MsgId: MMSG-17999]
Create.c(75): Цена 4 билета = 234	[MsgId: MMSG-17999]
Create.c(82): Значение outboundFlight 1 = 530;287;04/11/2021	[MsgId: MMSG-17999]
Create.c(83): Значение outboundFlight 2 = 531;255;04/11/2021	[MsgId: MMSG-17999]
Create.c(84): Значение outboundFlight 3 = 532;271;04/11/2021	[MsgId: MMSG-17999]
Create.c(85): Значение outboundFlight 4 = 533;234;04/11/2021	[MsgId: MMSG-17999]
Create.c(100): Количество билетов с чётной ценой = 4	[MsgId: MMSG-17999]
Create.c(104): Значение outboundFlight билета с чётной ценой = Already connected [1] to localhost:1080	[MsgId: MMSG-17999]
Create.c(104): Значение outboundFlight билета с чётной ценой = Already connected [0] to localhost:8086	[MsgId: MMSG-17999]
Create.c(104): Значение outboundFlight билета с чётной ценой = Already connected [1] to localhost:1080	[MsgId: MMSG-17999]
Create.c(104): Значение outboundFlight билета с чётной ценой = Connecting [3] to host 127.0.0.1:1080	[MsgId: MMSG-17999]
Create.c(110): Случайный номер билета из числа четных = 4	[MsgId: MMSG-17999]
Create.c(111): Выбран этот билет = Connecting [3] to host 127.0.0.1:1080	[MsgId: MMSG-17999]
Create.c(72): Цена 1 билета = 110	[MsgId: MMSG-17999]
Create.c(73): Цена 2 билета = 98	[MsgId: MMSG-17999]
Create.c(74): Цена 3 билета = 104	[MsgId: MMSG-17999]
Create.c(75): Цена 4 билета = 90	[MsgId: MMSG-17999]
Create.c(82): Значение outboundFlight 1 = 560;110;04/11/2021	[MsgId: MMSG-17999]
Create.c(83): Значение outboundFlight 2 = 561;98;04/11/2021	[MsgId: MMSG-17999]
Create.c(84): Значение outboundFlight 3 = 562;104;04/11/2021	[MsgId: MMSG-17999]
Create.c(85): Значение outboundFlight 4 = 563;90;04/11/2021	[MsgId: MMSG-17999]
Create.c(100): Количество билетов с чётной ценой = 4	[MsgId: MMSG-17999]
Create.c(104): Значение outboundFlight билета с чётной ценой = Already connected [2] to localhost:1080	[MsgId: MMSG-17999]
Create.c(104): Значение outboundFlight билета с чётной ценой = Already connected [2] to localhost:1080	[MsgId: MMSG-17999]
Create.c(104): Значение outboundFlight билета с чётной ценой = 	[MsgId: MMSG-17999]
Create.c(104): Значение outboundFlight билета с чётной ценой = Already connected [2] to localhost:1080	[MsgId: MMSG-17999]
Create.c(110): Случайный номер билета из числа четных = 4	[MsgId: MMSG-17999]
Create.c(111): Выбран этот билет = Already connected [2] to localhost:1080	[MsgId: MMSG-17999]
Create.c(72): Цена 1 билета = 723	[MsgId: MMSG-17999]
Create.c(73): Цена 2 билета = 644	[MsgId: MMSG-17999]
Create.c(74): Цена 3 билета = 684	[MsgId: MMSG-17999]
Create.c(75): Цена 4 билета = 592	[MsgId: MMSG-17999]
Create.c(82): Значение outboundFlight 1 = 010;723;04/11/2021	[MsgId: MMSG-17999]
Create.c(83): Значение outboundFlight 2 = 011;644;04/11/2021	[MsgId: MMSG-17999]
Create.c(84): Значение outboundFlight 3 = 012;684;04/11/2021	[MsgId: MMSG-17999]
Create.c(85): Значение outboundFlight 4 = 013;592;04/11/2021	[MsgId: MMSG-17999]
Create.c(100): Количество билетов с чётной ценой = 4	[MsgId: MMSG-17999]
Create.c(104): Значение outboundFlight билета с чётной ценой = 003.OpenPage_ticket_FindFlight_ex2	[MsgId: MMSG-17999]
Create.c(104): Значение outboundFlight билета с чётной ценой = Connecting [1] to host 127.0.0.1:1080	[MsgId: MMSG-17999]
Create.c(104): Значение outboundFlight билета с чётной ценой = Connecting [4] to host 127.0.0.1:1080	[MsgId: MMSG-17999]
Create.c(104): Значение outboundFlight билета с чётной ценой = Already connected [0] to localhost:8086	[MsgId: MMSG-17999]
Create.c(110): Случайный номер билета из числа четных = 4	[MsgId: MMSG-17999]
Create.c(111): Выбран этот билет = Already connected [0] to localhost:8086	[MsgId: MMSG-17999]
Create.c(179): Информация о билете: = :  8am : Flight Connecting [3] to host 127.0.0.1:1080 leaves Denver  for Denver	[MsgId: MMSG-17999]
Create.c(179): Информация о билете: = :  8am : Flight Already connected [1] to localhost:1080 leaves Denver  for Denver	[MsgId: MMSG-17999]
Create.c(179): Информация о билете: = :  8am : Flight Connecting [3] to host 127.0.0.1:1080 leaves Denver  for Denver	[MsgId: MMSG-17999]
Create.c(179): Информация о билете: = :  8am : Flight Already connected [2] to localhost:1080 leaves Denver  for Denver	[MsgId: MMSG-17999]
Create.c(179): Информация о билете: = :  8am : Flight Already connected [0] to localhost:8086 leaves Denver  for Denver	[MsgId: MMSG-17999]
Create.c(72): Цена 1 билета = 379	[MsgId: MMSG-17999]
Create.c(73): Цена 2 билета = 338	[MsgId: MMSG-17999]
Create.c(74): Цена 3 билета = 358	[MsgId: MMSG-17999]
Create.c(75): Цена 4 билета = 310	[MsgId: MMSG-17999]
Create.c(82): Значение outboundFlight 1 = 600;379;04/11/2021	[MsgId: MMSG-17999]
Create.c(83): Значение outboundFlight 2 = 601;338;04/11/2021	[MsgId: MMSG-17999]
Create.c(84): Значение outboundFlight 3 = 602;358;04/11/2021	[MsgId: MMSG-17999]
Create.c(85): Значение outboundFlight 4 = 603;310;04/11/2021	[MsgId: MMSG-17999]
Create.c(100): Количество билетов с чётной ценой = 4	[MsgId: MMSG-17999]
Create.c(104): Значение outboundFlight билета с чётной ценой = 004.Create_ticket_FindFlight_ex2	[MsgId: MMSG-17999]
Create.c(104): Значение outboundFlight билета с чётной ценой = 	[MsgId: MMSG-17999]
Create.c(104): Значение outboundFlight билета с чётной ценой = 6	[MsgId: MMSG-17999]
Create.c(104): Значение outboundFlight билета с чётной ценой = 	[MsgId: MMSG-17999]
Create.c(110): Случайный номер билета из числа четных = 4	[MsgId: MMSG-17999]
Create.c(111): Выбран этот билет = 	[MsgId: MMSG-17999]
Create.c(72): Цена 1 билета = 0	[MsgId: MMSG-17999]
Create.c(73): Цена 2 билета = 0	[MsgId: MMSG-17999]
Create.c(74): Цена 3 билета = 0	[MsgId: MMSG-17999]
Create.c(75): Цена 4 билета = 0	[MsgId: MMSG-17999]
Create.c(82): Значение outboundFlight 1 = 660;0;04/11/2021	[MsgId: MMSG-17999]
Create.c(83): Значение outboundFlight 2 = 661;0;04/11/2021	[MsgId: MMSG-17999]
Create.c(84): Значение outboundFlight 3 = 662;0;04/11/2021	[MsgId: MMSG-17999]
Create.c(85): Значение outboundFlight 4 = 663;0;04/11/2021	[MsgId: MMSG-17999]
Create.c(72): Цена 1 билета = 0	[MsgId: MMSG-17999]
Create.c(100): Количество билетов с чётной ценой = 4	[MsgId: MMSG-17999]
Create.c(73): Цена 2 билета = 0	[MsgId: MMSG-17999]
Create.c(74): Цена 3 билета = 0	[MsgId: MMSG-17999]
Create.c(104): Значение outboundFlight билета с чётной ценой = Already connected [1] to localhost:1080	[MsgId: MMSG-17999]
Create.c(75): Цена 4 билета = 0	[MsgId: MMSG-17999]
Create.c(104): Значение outboundFlight билета с чётной ценой = 181;2037;04/11/2021	[MsgId: MMSG-17999]
Create.c(104): Значение outboundFlight билета с чётной ценой = Value=181;2037;04/11/2021	[MsgId: MMSG-17999]
Create.c(104): Значение outboundFlight билета с чётной ценой = Already connected [1] to localhost:1080	[MsgId: MMSG-17999]
Create.c(110): Случайный номер билета из числа четных = 4	[MsgId: MMSG-17999]
Create.c(82): Значение outboundFlight 1 = 990;0;04/11/2021	[MsgId: MMSG-17999]
Create.c(111): Выбран этот билет = Already connected [1] to localhost:1080	[MsgId: MMSG-17999]
Create.c(83): Значение outboundFlight 2 = 991;0;04/11/2021	[MsgId: MMSG-17999]
Create.c(84): Значение outboundFlight 3 = 992;0;04/11/2021	[MsgId: MMSG-17999]
Create.c(85): Значение outboundFlight 4 = 993;0;04/11/2021	[MsgId: MMSG-17999]
Create.c(100): Количество билетов с чётной ценой = 4	[MsgId: MMSG-17999]
Create.c(104): Значение outboundFlight билета с чётной ценой = Already connected [1] to localhost:1080	[MsgId: MMSG-17999]
Create.c(104): Значение outboundFlight билета с чётной ценой = Already connected [0] to localhost:8086	[MsgId: MMSG-17999]
Create.c(104): Значение outboundFlight билета с чётной ценой = Already connected [1] to localhost:1080	[MsgId: MMSG-17999]
Create.c(104): Значение outboundFlight билета с чётной ценой = Connecting [3] to host 127.0.0.1:1080	[MsgId: MMSG-17999]
Create.c(110): Случайный номер билета из числа четных = 4	[MsgId: MMSG-17999]
Create.c(111): Выбран этот билет = Connecting [3] to host 127.0.0.1:1080	[MsgId: MMSG-17999]
Create.c(72): Цена 1 билета = 822	[MsgId: MMSG-17999]
Create.c(73): Цена 2 билета = 733	[MsgId: MMSG-17999]
Create.c(74): Цена 3 билета = 778	[MsgId: MMSG-17999]
Create.c(75): Цена 4 билета = 673	[MsgId: MMSG-17999]
Create.c(82): Значение outboundFlight 1 = 340;822;04/11/2021	[MsgId: MMSG-17999]
Create.c(83): Значение outboundFlight 2 = 341;733;04/11/2021	[MsgId: MMSG-17999]
Create.c(84): Значение outboundFlight 3 = 342;778;04/11/2021	[MsgId: MMSG-17999]
Create.c(85): Значение outboundFlight 4 = 343;673;04/11/2021	[MsgId: MMSG-17999]
Create.c(100): Количество билетов с чётной ценой = 4	[MsgId: MMSG-17999]
Create.c(104): Значение outboundFlight билета с чётной ценой = Already connected [2] to localhost:1080	[MsgId: MMSG-17999]
Create.c(104): Значение outboundFlight билета с чётной ценой = Already connected [2] to localhost:1080	[MsgId: MMSG-17999]
Create.c(104): Значение outboundFlight билета с чётной ценой = 	[MsgId: MMSG-17999]
Create.c(104): Значение outboundFlight билета с чётной ценой = Already connected [2] to localhost:1080	[MsgId: MMSG-17999]
Create.c(110): Случайный номер билета из числа четных = 4	[MsgId: MMSG-17999]
Create.c(111): Выбран этот билет = Already connected [2] to localhost:1080	[MsgId: MMSG-17999]
Create.c(72): Цена 1 билета = 198	[MsgId: MMSG-17999]
Create.c(73): Цена 2 билета = 176	[MsgId: MMSG-17999]
Create.c(74): Цена 3 билета = 187	[MsgId: MMSG-17999]
Create.c(75): Цена 4 билета = 162	[MsgId: MMSG-17999]
Create.c(82): Значение outboundFlight 1 = 190;198;04/11/2021	[MsgId: MMSG-17999]
Create.c(83): Значение outboundFlight 2 = 191;176;04/11/2021	[MsgId: MMSG-17999]
Create.c(84): Значение outboundFlight 3 = 192;187;04/11/2021	[MsgId: MMSG-17999]
Create.c(85): Значение outboundFlight 4 = 193;162;04/11/2021	[MsgId: MMSG-17999]
Create.c(100): Количество билетов с чётной ценой = 4	[MsgId: MMSG-17999]
Create.c(104): Значение outboundFlight билета с чётной ценой = 003.OpenPage_ticket_FindFlight_ex2	[MsgId: MMSG-17999]
Create.c(104): Значение outboundFlight билета с чётной ценой = Connecting [1] to host 127.0.0.1:1080	[MsgId: MMSG-17999]
Create.c(104): Значение outboundFlight билета с чётной ценой = Connecting [4] to host 127.0.0.1:1080	[MsgId: MMSG-17999]
Create.c(104): Значение outboundFlight билета с чётной ценой = Already connected [0] to localhost:8086	[MsgId: MMSG-17999]
Create.c(110): Случайный номер билета из числа четных = 4	[MsgId: MMSG-17999]
Create.c(111): Выбран этот билет = Already connected [0] to localhost:8086	[MsgId: MMSG-17999]
Create.c(179): Информация о билете: = :  8am : Flight  leaves Denver  for Denver	[MsgId: MMSG-17999]
Create.c(179): Информация о билете: = :  8am : Flight Already connected [1] to localhost:1080 leaves Denver  for Denver	[MsgId: MMSG-17999]
Create.c(179): Информация о билете: = :  8am : Flight Connecting [3] to host 127.0.0.1:1080 leaves Denver  for Denver	[MsgId: MMSG-17999]
Create.c(179): Информация о билете: = :  8am : Flight Already connected [2] to localhost:1080 leaves Denver  for Denver	[MsgId: MMSG-17999]
Create.c(72): Цена 1 билета = 126	[MsgId: MMSG-17999]
Create.c(73): Цена 2 билета = 112	[MsgId: MMSG-17999]
Create.c(74): Цена 3 билета = 119	[MsgId: MMSG-17999]
Create.c(75): Цена 4 билета = 103	[MsgId: MMSG-17999]
Create.c(82): Значение outboundFlight 1 = 760;126;04/11/2021	[MsgId: MMSG-17999]
Create.c(83): Значение outboundFlight 2 = 761;112;04/11/2021	[MsgId: MMSG-17999]
Create.c(84): Значение outboundFlight 3 = 762;119;04/11/2021	[MsgId: MMSG-17999]
Create.c(85): Значение outboundFlight 4 = 763;103;04/11/2021	[MsgId: MMSG-17999]
Create.c(100): Количество билетов с чётной ценой = 4	[MsgId: MMSG-17999]
Create.c(104): Значение outboundFlight билета с чётной ценой = 004.Create_ticket_FindFlight_ex2	[MsgId: MMSG-17999]
Create.c(104): Значение outboundFlight билета с чётной ценой = 	[MsgId: MMSG-17999]
Create.c(104): Значение outboundFlight билета с чётной ценой = 6	[MsgId: MMSG-17999]
Create.c(104): Значение outboundFlight билета с чётной ценой = 	[MsgId: MMSG-17999]
Create.c(110): Случайный номер билета из числа четных = 3	[MsgId: MMSG-17999]
Create.c(111): Выбран этот билет = 6	[MsgId: MMSG-17999]
Create.c(179): Информация о билете: = :  8am : Flight Already connected [0] to localhost:8086 leaves Denver  for Denver	[MsgId: MMSG-17999]
Create.c(72): Цена 1 билета = 0	[MsgId: MMSG-17999]
Create.c(73): Цена 2 билета = 0	[MsgId: MMSG-17999]
Create.c(74): Цена 3 билета = 0	[MsgId: MMSG-17999]
Create.c(75): Цена 4 билета = 0	[MsgId: MMSG-17999]
Create.c(82): Значение outboundFlight 1 = 440;0;04/11/2021	[MsgId: MMSG-17999]
Create.c(83): Значение outboundFlight 2 = 441;0;04/11/2021	[MsgId: MMSG-17999]
Create.c(84): Значение outboundFlight 3 = 442;0;04/11/2021	[MsgId: MMSG-17999]
Create.c(85): Значение outboundFlight 4 = 443;0;04/11/2021	[MsgId: MMSG-17999]
Create.c(100): Количество билетов с чётной ценой = 4	[MsgId: MMSG-17999]
Create.c(104): Значение outboundFlight билета с чётной ценой = Already connected [1] to localhost:1080	[MsgId: MMSG-17999]
Create.c(104): Значение outboundFlight билета с чётной ценой = Already connected [0] to localhost:8086	[MsgId: MMSG-17999]
Create.c(104): Значение outboundFlight билета с чётной ценой = Already connected [1] to localhost:1080	[MsgId: MMSG-17999]
Create.c(104): Значение outboundFlight билета с чётной ценой = Connecting [3] to host 127.0.0.1:1080	[MsgId: MMSG-17999]
Create.c(110): Случайный номер билета из числа четных = 3	[MsgId: MMSG-17999]
Create.c(111): Выбран этот билет = Already connected [1] to localhost:1080	[MsgId: MMSG-17999]
Create.c(72): Цена 1 билета = 1167	[MsgId: MMSG-17999]
Create.c(73): Цена 2 билета = 1040	[MsgId: MMSG-17999]
Create.c(74): Цена 3 билета = 1103	[MsgId: MMSG-17999]
Create.c(75): Цена 4 билета = 955	[MsgId: MMSG-17999]
Create.c(82): Значение outboundFlight 1 = 460;1167;04/11/2021	[MsgId: MMSG-17999]
Create.c(83): Значение outboundFlight 2 = 461;1040;04/11/2021	[MsgId: MMSG-17999]
Create.c(84): Значение outboundFlight 3 = 462;1103;04/11/2021	[MsgId: MMSG-17999]
Create.c(85): Значение outboundFlight 4 = 463;955;04/11/2021	[MsgId: MMSG-17999]
Create.c(100): Количество билетов с чётной ценой = 4	[MsgId: MMSG-17999]
Create.c(104): Значение outboundFlight билета с чётной ценой = 003.OpenPage_ticket_FindFlight_ex2	[MsgId: MMSG-17999]
Create.c(104): Значение outboundFlight билета с чётной ценой = Connecting [0] to host 127.0.0.1:8086	[MsgId: MMSG-17999]
Create.c(104): Значение outboundFlight билета с чётной ценой = Connecting [4] to host 127.0.0.1:1080	[MsgId: MMSG-17999]
Create.c(104): Значение outboundFlight билета с чётной ценой = Value={true	[MsgId: MMSG-17999]
Create.c(110): Случайный номер билета из числа четных = 3	[MsgId: MMSG-17999]
Create.c(111): Выбран этот билет = Connecting [4] to host 127.0.0.1:1080	[MsgId: MMSG-17999]
Create.c(72): Цена 1 билета = 1162	[MsgId: MMSG-17999]
Create.c(73): Цена 2 билета = 1035	[MsgId: MMSG-17999]
Create.c(74): Цена 3 билета = 1099	[MsgId: MMSG-17999]
Create.c(75): Цена 4 билета = 951	[MsgId: MMSG-17999]
Create.c(82): Значение outboundFlight 1 = 780;1162;04/11/2021	[MsgId: MMSG-17999]
Create.c(83): Значение outboundFlight 2 = 781;1035;04/11/2021	[MsgId: MMSG-17999]
Create.c(84): Значение outboundFlight 3 = 782;1099;04/11/2021	[MsgId: MMSG-17999]
Create.c(85): Значение outboundFlight 4 = 783;951;04/11/2021	[MsgId: MMSG-17999]
Create.c(100): Количество билетов с чётной ценой = 4	[MsgId: MMSG-17999]
Create.c(104): Значение outboundFlight билета с чётной ценой = Already connected [2] to localhost:1080	[MsgId: MMSG-17999]
Create.c(104): Значение outboundFlight билета с чётной ценой = Already connected [2] to localhost:1080	[MsgId: MMSG-17999]
Create.c(104): Значение outboundFlight билета с чётной ценой = 	[MsgId: MMSG-17999]
Create.c(104): Значение outboundFlight билета с чётной ценой = Already connected [2] to localhost:1080	[MsgId: MMSG-17999]
Create.c(110): Случайный номер билета из числа четных = 3	[MsgId: MMSG-17999]
Create.c(111): Выбран этот билет = 	[MsgId: MMSG-17999]
Create.c(72): Цена 1 билета = 735	[MsgId: MMSG-17999]
Create.c(73): Цена 2 билета = 655	[MsgId: MMSG-17999]
Create.c(74): Цена 3 билета = 695	[MsgId: MMSG-17999]
Create.c(75): Цена 4 билета = 602	[MsgId: MMSG-17999]
Create.c(82): Значение outboundFlight 1 = 860;735;04/11/2021	[MsgId: MMSG-17999]
Create.c(83): Значение outboundFlight 2 = 861;655;04/11/2021	[MsgId: MMSG-17999]
Create.c(84): Значение outboundFlight 3 = 862;695;04/11/2021	[MsgId: MMSG-17999]
Create.c(85): Значение outboundFlight 4 = 863;602;04/11/2021	[MsgId: MMSG-17999]
Create.c(100): Количество билетов с чётной ценой = 4	[MsgId: MMSG-17999]
Create.c(104): Значение outboundFlight билета с чётной ценой = 003.OpenPage_ticket_FindFlight_ex2	[MsgId: MMSG-17999]
Create.c(104): Значение outboundFlight билета с чётной ценой = Connecting [1] to host 127.0.0.1:1080	[MsgId: MMSG-17999]
Create.c(104): Значение outboundFlight билета с чётной ценой = Connecting [4] to host 127.0.0.1:1080	[MsgId: MMSG-17999]
Create.c(104): Значение outboundFlight билета с чётной ценой = Already connected [0] to localhost:8086	[MsgId: MMSG-17999]
Create.c(110): Случайный номер билета из числа четных = 3	[MsgId: MMSG-17999]
Create.c(111): Выбран этот билет = Connecting [4] to host 127.0.0.1:1080	[MsgId: MMSG-17999]
Create.c(179): Информация о билете: = :   : Flight 6 leaves Denver  for Denver	[MsgId: MMSG-17999]
Create.c(179): Информация о билете: = :  8am : Flight Already connected [1] to localhost:1080 leaves Denver  for Denver	[MsgId: MMSG-17999]
Create.c(179): Информация о билете: = :  8am : Flight  leaves Denver  for Denver	[MsgId: MMSG-17999]
Create.c(179): Информация о билете: = :  8am : Flight Connecting [4] to host 127.0.0.1:1080 leaves Denver  for Denver	[MsgId: MMSG-17999]
Create.c(72): Цена 1 билета = 559	[MsgId: MMSG-17999]
Create.c(73): Цена 2 билета = 498	[MsgId: MMSG-17999]
Create.c(74): Цена 3 билета = 529	[MsgId: MMSG-17999]
Create.c(75): Цена 4 билета = 458	[MsgId: MMSG-17999]
Create.c(82): Значение outboundFlight 1 = 010;559;04/11/2021	[MsgId: MMSG-17999]
Create.c(83): Значение outboundFlight 2 = 011;498;04/11/2021	[MsgId: MMSG-17999]
Create.c(84): Значение outboundFlight 3 = 012;529;04/11/2021	[MsgId: MMSG-17999]
Create.c(85): Значение outboundFlight 4 = 013;458;04/11/2021	[MsgId: MMSG-17999]
Create.c(100): Количество билетов с чётной ценой = 4	[MsgId: MMSG-17999]
Create.c(104): Значение outboundFlight билета с чётной ценой = 004.Create_ticket_FindFlight_ex2	[MsgId: MMSG-17999]
Create.c(104): Значение outboundFlight билета с чётной ценой = 	[MsgId: MMSG-17999]
Create.c(104): Значение outboundFlight билета с чётной ценой = 6	[MsgId: MMSG-17999]
Create.c(104): Значение outboundFlight билета с чётной ценой = 	[MsgId: MMSG-17999]
Create.c(110): Случайный номер билета из числа четных = 3	[MsgId: MMSG-17999]
Create.c(111): Выбран этот билет = 6	[MsgId: MMSG-17999]
Create.c(179): Информация о билете: = :  8am : Flight Connecting [4] to host 127.0.0.1:1080 leaves Denver  for Denver	[MsgId: MMSG-17999]
Create.c(72): Цена 1 билета = 735	[MsgId: MMSG-17999]
Create.c(73): Цена 2 билета = 655	[MsgId: MMSG-17999]
Create.c(74): Цена 3 билета = 695	[MsgId: MMSG-17999]
Create.c(75): Цена 4 билета = 602	[MsgId: MMSG-17999]
Create.c(82): Значение outboundFlight 1 = 680;735;04/11/2021	[MsgId: MMSG-17999]
Create.c(83): Значение outboundFlight 2 = 681;655;04/11/2021	[MsgId: MMSG-17999]
Create.c(84): Значение outboundFlight 3 = 682;695;04/11/2021	[MsgId: MMSG-17999]
Create.c(85): Значение outboundFlight 4 = 683;602;04/11/2021	[MsgId: MMSG-17999]
Create.c(100): Количество билетов с чётной ценой = 4	[MsgId: MMSG-17999]
Create.c(104): Значение outboundFlight билета с чётной ценой = Already connected [1] to localhost:1080	[MsgId: MMSG-17999]
Create.c(104): Значение outboundFlight билета с чётной ценой = Already connected [0] to localhost:8086	[MsgId: MMSG-17999]
Create.c(104): Значение outboundFlight билета с чётной ценой = Already connected [1] to localhost:1080	[MsgId: MMSG-17999]
Create.c(104): Значение outboundFlight билета с чётной ценой = 006.Create_ticket_PaymentDetail_ex2	[MsgId: MMSG-17999]
Create.c(110): Случайный номер билета из числа четных = 3	[MsgId: MMSG-17999]
Create.c(111): Выбран этот билет = Already connected [1] to localhost:1080	[MsgId: MMSG-17999]
Create.c(72): Цена 1 билета = 371	[MsgId: MMSG-17999]
Create.c(73): Цена 2 билета = 330	[MsgId: MMSG-17999]
Create.c(74): Цена 3 билета = 351	[MsgId: MMSG-17999]
Create.c(75): Цена 4 билета = 303	[MsgId: MMSG-17999]
Create.c(82): Значение outboundFlight 1 = 530;371;04/11/2021	[MsgId: MMSG-17999]
Create.c(83): Значение outboundFlight 2 = 531;330;04/11/2021	[MsgId: MMSG-17999]
Create.c(84): Значение outboundFlight 3 = 532;351;04/11/2021	[MsgId: MMSG-17999]
Create.c(85): Значение outboundFlight 4 = 533;303;04/11/2021	[MsgId: MMSG-17999]
Create.c(100): Количество билетов с чётной ценой = 4	[MsgId: MMSG-17999]
Create.c(104): Значение outboundFlight билета с чётной ценой = Already connected [2] to localhost:1080	[MsgId: MMSG-17999]
Create.c(104): Значение outboundFlight билета с чётной ценой = Already connected [2] to localhost:1080	[MsgId: MMSG-17999]
Create.c(104): Значение outboundFlight билета с чётной ценой = 	[MsgId: MMSG-17999]
Create.c(104): Значение outboundFlight билета с чётной ценой = Connecting [2] to host 127.0.0.1:1080	[MsgId: MMSG-17999]
Create.c(110): Случайный номер билета из числа четных = 3	[MsgId: MMSG-17999]
Create.c(111): Выбран этот билет = 	[MsgId: MMSG-17999]
Create.c(72): Цена 1 билета = 740	[MsgId: MMSG-17999]
Create.c(73): Цена 2 билета = 659	[MsgId: MMSG-17999]
Create.c(74): Цена 3 билета = 699	[MsgId: MMSG-17999]
Create.c(75): Цена 4 билета = 605	[MsgId: MMSG-17999]
Create.c(82): Значение outboundFlight 1 = 170;740;04/11/2021	[MsgId: MMSG-17999]
Create.c(83): Значение outboundFlight 2 = 171;659;04/11/2021	[MsgId: MMSG-17999]
Create.c(84): Значение outboundFlight 3 = 172;699;04/11/2021	[MsgId: MMSG-17999]
Create.c(85): Значение outboundFlight 4 = 173;605;04/11/2021	[MsgId: MMSG-17999]
Create.c(100): Количество билетов с чётной ценой = 4	[MsgId: MMSG-17999]
Create.c(104): Значение outboundFlight билета с чётной ценой = 003.OpenPage_ticket_FindFlight_ex2	[MsgId: MMSG-17999]
Create.c(104): Значение outboundFlight билета с чётной ценой = Connecting [0] to host 127.0.0.1:8086	[MsgId: MMSG-17999]
Create.c(104): Значение outboundFlight билета с чётной ценой = Connecting [4] to host 127.0.0.1:1080	[MsgId: MMSG-17999]
Create.c(104): Значение outboundFlight билета с чётной ценой = Value={true	[MsgId: MMSG-17999]
Create.c(110): Случайный номер билета из числа четных = 3	[MsgId: MMSG-17999]
Create.c(111): Выбран этот билет = Connecting [4] to host 127.0.0.1:1080	[MsgId: MMSG-17999]
Create.c(179): Информация о билете: = :   : Flight 6 leaves Denver  for Denver	[MsgId: MMSG-17999]
Create.c(72): Цена 1 билета = 705	[MsgId: MMSG-17999]
Create.c(73): Цена 2 билета = 628	[MsgId: MMSG-17999]
Create.c(74): Цена 3 билета = 666	[MsgId: MMSG-17999]
Create.c(75): Цена 4 билета = 577	[MsgId: MMSG-17999]
Create.c(82): Значение outboundFlight 1 = 960;705;04/11/2021	[MsgId: MMSG-17999]
Create.c(83): Значение outboundFlight 2 = 961;628;04/11/2021	[MsgId: MMSG-17999]
Create.c(84): Значение outboundFlight 3 = 962;666;04/11/2021	[MsgId: MMSG-17999]
Create.c(85): Значение outboundFlight 4 = 963;577;04/11/2021	[MsgId: MMSG-17999]
Create.c(100): Количество билетов с чётной ценой = 4	[MsgId: MMSG-17999]
Create.c(104): Значение outboundFlight билета с чётной ценой = 003.OpenPage_ticket_FindFlight_ex2	[MsgId: MMSG-17999]
Create.c(104): Значение outboundFlight билета с чётной ценой = Connecting [1] to host 127.0.0.1:1080	[MsgId: MMSG-17999]
Create.c(104): Значение outboundFlight билета с чётной ценой = Connecting [4] to host 127.0.0.1:1080	[MsgId: MMSG-17999]
Create.c(104): Значение outboundFlight билета с чётной ценой = Already connected [1] to localhost:1080	[MsgId: MMSG-17999]
Create.c(110): Случайный номер билета из числа четных = 2	[MsgId: MMSG-17999]
Create.c(111): Выбран этот билет = Connecting [1] to host 127.0.0.1:1080	[MsgId: MMSG-17999]
Create.c(179): Информация о билете: = :  8am : Flight Already connected [1] to localhost:1080 leaves Denver  for Denver	[MsgId: MMSG-17999]
Create.c(179): Информация о билете: = :  8am : Flight  leaves Denver  for Denver	[MsgId: MMSG-17999]
Create.c(179): Информация о билете: = :  8am : Flight Connecting [4] to host 127.0.0.1:1080 leaves Denver  for Denver	[MsgId: MMSG-17999]
Create.c(179): Информация о билете: = :  8am : Flight Connecting [1] to host 127.0.0.1:1080 leaves Denver  for Denver	[MsgId: MMSG-17999]
Create.c(72): Цена 1 билета = 586	[MsgId: MMSG-17999]
Create.c(73): Цена 2 билета = 522	[MsgId: MMSG-17999]
Create.c(74): Цена 3 билета = 554	[MsgId: MMSG-17999]
Create.c(75): Цена 4 билета = 479	[MsgId: MMSG-17999]
Create.c(82): Значение outboundFlight 1 = 620;586;04/11/2021	[MsgId: MMSG-17999]
Create.c(83): Значение outboundFlight 2 = 621;522;04/11/2021	[MsgId: MMSG-17999]
Create.c(84): Значение outboundFlight 3 = 622;554;04/11/2021	[MsgId: MMSG-17999]
Create.c(85): Значение outboundFlight 4 = 623;479;04/11/2021	[MsgId: MMSG-17999]
Create.c(100): Количество билетов с чётной ценой = 4	[MsgId: MMSG-17999]
Create.c(104): Значение outboundFlight билета с чётной ценой = 004.Create_ticket_FindFlight_ex2	[MsgId: MMSG-17999]
Create.c(104): Значение outboundFlight билета с чётной ценой = 	[MsgId: MMSG-17999]
Create.c(104): Значение outboundFlight билета с чётной ценой = 6	[MsgId: MMSG-17999]
Create.c(104): Значение outboundFlight билета с чётной ценой = 	[MsgId: MMSG-17999]
Create.c(110): Случайный номер билета из числа четных = 2	[MsgId: MMSG-17999]
Create.c(111): Выбран этот билет = 	[MsgId: MMSG-17999]
Create.c(72): Цена 1 билета = 0	[MsgId: MMSG-17999]
Create.c(73): Цена 2 билета = 0	[MsgId: MMSG-17999]
Create.c(74): Цена 3 билета = 0	[MsgId: MMSG-17999]
Create.c(75): Цена 4 билета = 0	[MsgId: MMSG-17999]
Create.c(82): Значение outboundFlight 1 = 330;0;04/11/2021	[MsgId: MMSG-17999]
Create.c(83): Значение outboundFlight 2 = 331;0;04/11/2021	[MsgId: MMSG-17999]
Create.c(84): Значение outboundFlight 3 = 332;0;04/11/2021	[MsgId: MMSG-17999]
Create.c(85): Значение outboundFlight 4 = 333;0;04/11/2021	[MsgId: MMSG-17999]
Create.c(100): Количество билетов с чётной ценой = 4	[MsgId: MMSG-17999]
Create.c(104): Значение outboundFlight билета с чётной ценой = 333;0;04/11/2021	[MsgId: MMSG-17999]
Create.c(104): Значение outboundFlight билета с чётной ценой = Already connected [0] to localhost:1080	[MsgId: MMSG-17999]
Create.c(104): Значение outboundFlight билета с чётной ценой = Connecting [4] to host 127.0.0.1:1080	[MsgId: MMSG-17999]
Create.c(104): Значение outboundFlight билета с чётной ценой = 006.Create_ticket_PaymentDetail_ex2	[MsgId: MMSG-17999]
Create.c(110): Случайный номер билета из числа четных = 2	[MsgId: MMSG-17999]
Create.c(111): Выбран этот билет = Already connected [0] to localhost:1080	[MsgId: MMSG-17999]
Create.c(72): Цена 1 билета = 502	[MsgId: MMSG-17999]
Create.c(73): Цена 2 билета = 447	[MsgId: MMSG-17999]
Create.c(74): Цена 3 билета = 475	[MsgId: MMSG-17999]
Create.c(75): Цена 4 билета = 411	[MsgId: MMSG-17999]
Create.c(82): Значение outboundFlight 1 = 930;502;04/11/2021	[MsgId: MMSG-17999]
Create.c(83): Значение outboundFlight 2 = 931;447;04/11/2021	[MsgId: MMSG-17999]
Create.c(84): Значение outboundFlight 3 = 932;475;04/11/2021	[MsgId: MMSG-17999]
Create.c(85): Значение outboundFlight 4 = 933;411;04/11/2021	[MsgId: MMSG-17999]
Create.c(100): Количество билетов с чётной ценой = 4	[MsgId: MMSG-17999]
Create.c(104): Значение outboundFlight билета с чётной ценой = 003.OpenPage_ticket_FindFlight_ex2	[MsgId: MMSG-17999]
Create.c(104): Значение outboundFlight билета с чётной ценой = Already connected [2] to localhost:1080	[MsgId: MMSG-17999]
Create.c(104): Значение outboundFlight билета с чётной ценой = 	[MsgId: MMSG-17999]
Create.c(104): Значение outboundFlight билета с чётной ценой = Connecting [2] to host 127.0.0.1:1080	[MsgId: MMSG-17999]
Create.c(110): Случайный номер билета из числа четных = 2	[MsgId: MMSG-17999]
Create.c(111): Выбран этот билет = Already connected [2] to localhost:1080	[MsgId: MMSG-17999]
Create.c(72): Цена 1 билета = 207	[MsgId: MMSG-17999]
Create.c(73): Цена 2 билета = 184	[MsgId: MMSG-17999]
Create.c(74): Цена 3 билета = 196	[MsgId: MMSG-17999]
Create.c(75): Цена 4 билета = 169	[MsgId: MMSG-17999]
Create.c(82): Значение outboundFlight 1 = 940;207;04/11/2021	[MsgId: MMSG-17999]
Create.c(83): Значение outboundFlight 2 = 941;184;04/11/2021	[MsgId: MMSG-17999]
Create.c(84): Значение outboundFlight 3 = 942;196;04/11/2021	[MsgId: MMSG-17999]
Create.c(85): Значение outboundFlight 4 = 943;169;04/11/2021	[MsgId: MMSG-17999]
Create.c(100): Количество билетов с чётной ценой = 4	[MsgId: MMSG-17999]
Create.c(104): Значение outboundFlight билета с чётной ценой = 003.OpenPage_ticket_FindFlight_ex2	[MsgId: MMSG-17999]
Create.c(104): Значение outboundFlight билета с чётной ценой = Connecting [0] to host 127.0.0.1:8086	[MsgId: MMSG-17999]
Create.c(104): Значение outboundFlight билета с чётной ценой = Connecting [4] to host 127.0.0.1:1080	[MsgId: MMSG-17999]
Create.c(104): Значение outboundFlight билета с чётной ценой = Value={true	[MsgId: MMSG-17999]
Create.c(110): Случайный номер билета из числа четных = 2	[MsgId: MMSG-17999]
Create.c(111): Выбран этот билет = Connecting [0] to host 127.0.0.1:8086	[MsgId: MMSG-17999]
Create.c(72): Цена 1 билета = 371	[MsgId: MMSG-17999]
Create.c(73): Цена 2 билета = 330	[MsgId: MMSG-17999]
Create.c(74): Цена 3 билета = 351	[MsgId: MMSG-17999]
Create.c(75): Цена 4 билета = 303	[MsgId: MMSG-17999]
Create.c(82): Значение outboundFlight 1 = 190;371;04/11/2021	[MsgId: MMSG-17999]
Create.c(83): Значение outboundFlight 2 = 191;330;04/11/2021	[MsgId: MMSG-17999]
Create.c(84): Значение outboundFlight 3 = 192;351;04/11/2021	[MsgId: MMSG-17999]
Create.c(85): Значение outboundFlight 4 = 193;303;04/11/2021	[MsgId: MMSG-17999]
Create.c(100): Количество билетов с чётной ценой = 4	[MsgId: MMSG-17999]
Create.c(104): Значение outboundFlight билета с чётной ценой = Connecting [1] to host 127.0.0.1:1080	[MsgId: MMSG-17999]
Create.c(104): Значение outboundFlight билета с чётной ценой = Connecting [4] to host 127.0.0.1:1080	[MsgId: MMSG-17999]
Create.c(104): Значение outboundFlight билета с чётной ценой = Connecting [0] to host 127.0.0.1:1080	[MsgId: MMSG-17999]
Create.c(104): Значение outboundFlight билета с чётной ценой = Already connected [1] to localhost:1080	[MsgId: MMSG-17999]
Create.c(110): Случайный номер билета из числа четных = 2	[MsgId: MMSG-17999]
Create.c(111): Выбран этот билет = Connecting [4] to host 127.0.0.1:1080	[MsgId: MMSG-17999]
Create.c(179): Информация о билете: = :  8am : Flight  leaves Denver  for Denver	[MsgId: MMSG-17999]
Create.c(179): Информация о билете: = :  8am : Flight Already connected [0] to localhost:1080 leaves Denver  for Denver	[MsgId: MMSG-17999]
Create.c(179): Информация о билете: = :  8am : Flight Connecting [0] to host 127.0.0.1:8086 leaves Denver  for Denver	[MsgId: MMSG-17999]
Create.c(179): Информация о билете: = :  8am : Flight Already connected [2] to localhost:1080 leaves Denver  for Denver	[MsgId: MMSG-17999]
Create.c(179): Информация о билете: = :  8am : Flight Connecting [4] to host 127.0.0.1:1080 leaves Denver  for Denver	[MsgId: MMSG-17999]
Create.c(72): Цена 1 билета = 1060	[MsgId: MMSG-17999]
Create.c(73): Цена 2 билета = 944	[MsgId: MMSG-17999]
Create.c(74): Цена 3 билета = 1002	[MsgId: MMSG-17999]
Create.c(75): Цена 4 билета = 867	[MsgId: MMSG-17999]
Create.c(82): Значение outboundFlight 1 = 270;1060;04/11/2021	[MsgId: MMSG-17999]
Create.c(83): Значение outboundFlight 2 = 271;944;04/11/2021	[MsgId: MMSG-17999]
Create.c(84): Значение outboundFlight 3 = 272;1002;04/11/2021	[MsgId: MMSG-17999]
Create.c(85): Значение outboundFlight 4 = 273;867;04/11/2021	[MsgId: MMSG-17999]
Create.c(100): Количество билетов с чётной ценой = 4	[MsgId: MMSG-17999]
Create.c(104): Значение outboundFlight билета с чётной ценой = 004.Create_ticket_FindFlight_ex2	[MsgId: MMSG-17999]
Create.c(104): Значение outboundFlight билета с чётной ценой = 	[MsgId: MMSG-17999]
Create.c(104): Значение outboundFlight билета с чётной ценой = 6	[MsgId: MMSG-17999]
Create.c(104): Значение outboundFlight билета с чётной ценой = 	[MsgId: MMSG-17999]
Create.c(110): Случайный номер билета из числа четных = 2	[MsgId: MMSG-17999]
Create.c(111): Выбран этот билет = 	[MsgId: MMSG-17999]
Create.c(72): Цена 1 билета = 649	[MsgId: MMSG-17999]
Create.c(73): Цена 2 билета = 578	[MsgId: MMSG-17999]
Create.c(74): Цена 3 билета = 614	[MsgId: MMSG-17999]
Create.c(75): Цена 4 билета = 531	[MsgId: MMSG-17999]
Create.c(82): Значение outboundFlight 1 = 930;649;04/11/2021	[MsgId: MMSG-17999]
Create.c(83): Значение outboundFlight 2 = 931;578;04/11/2021	[MsgId: MMSG-17999]
Create.c(84): Значение outboundFlight 3 = 932;614;04/11/2021	[MsgId: MMSG-17999]
Create.c(85): Значение outboundFlight 4 = 933;531;04/11/2021	[MsgId: MMSG-17999]
Create.c(100): Количество билетов с чётной ценой = 4	[MsgId: MMSG-17999]
Create.c(104): Значение outboundFlight билета с чётной ценой = 003.OpenPage_ticket_FindFlight_ex2	[MsgId: MMSG-17999]
Create.c(104): Значение outboundFlight билета с чётной ценой = Connecting [0] to host 127.0.0.1:8086	[MsgId: MMSG-17999]
Create.c(104): Значение outboundFlight билета с чётной ценой = Connecting [4] to host 127.0.0.1:1080	[MsgId: MMSG-17999]
Create.c(104): Значение outboundFlight билета с чётной ценой = Value={true	[MsgId: MMSG-17999]
Create.c(110): Случайный номер билета из числа четных = 2	[MsgId: MMSG-17999]
Create.c(111): Выбран этот билет = Connecting [0] to host 127.0.0.1:8086	[MsgId: MMSG-17999]
Create.c(72): Цена 1 билета = 1167	[MsgId: MMSG-17999]
Create.c(73): Цена 2 билета = 1040	[MsgId: MMSG-17999]
Create.c(74): Цена 3 билета = 1103	[MsgId: MMSG-17999]
Create.c(75): Цена 4 билета = 955	[MsgId: MMSG-17999]
Create.c(82): Значение outboundFlight 1 = 580;1167;04/11/2021	[MsgId: MMSG-17999]
Create.c(83): Значение outboundFlight 2 = 581;1040;04/11/2021	[MsgId: MMSG-17999]
Create.c(84): Значение outboundFlight 3 = 582;1103;04/11/2021	[MsgId: MMSG-17999]
Create.c(85): Значение outboundFlight 4 = 583;955;04/11/2021	[MsgId: MMSG-17999]
Create.c(100): Количество билетов с чётной ценой = 4	[MsgId: MMSG-17999]
Create.c(104): Значение outboundFlight билета с чётной ценой = 333;0;04/11/2021	[MsgId: MMSG-17999]
Create.c(104): Значение outboundFlight билета с чётной ценой = Already connected [0] to localhost:1080	[MsgId: MMSG-17999]
Create.c(104): Значение outboundFlight билета с чётной ценой = Connecting [4] to host 127.0.0.1:1080	[MsgId: MMSG-17999]
Create.c(104): Значение outboundFlight билета с чётной ценой = 006.Create_ticket_PaymentDetail_ex2	[MsgId: MMSG-17999]
Create.c(110): Случайный номер билета из числа четных = 2	[MsgId: MMSG-17999]
Create.c(111): Выбран этот билет = Already connected [0] to localhost:1080	[MsgId: MMSG-17999]
Create.c(72): Цена 1 билета = 1060	[MsgId: MMSG-17999]
Create.c(73): Цена 2 билета = 944	[MsgId: MMSG-17999]
Create.c(74): Цена 3 билета = 1002	[MsgId: MMSG-17999]
Create.c(75): Цена 4 билета = 867	[MsgId: MMSG-17999]
Create.c(82): Значение outboundFlight 1 = 270;1060;04/11/2021	[MsgId: MMSG-17999]
Create.c(83): Значение outboundFlight 2 = 271;944;04/11/2021	[MsgId: MMSG-17999]
Create.c(84): Значение outboundFlight 3 = 272;1002;04/11/2021	[MsgId: MMSG-17999]
Create.c(85): Значение outboundFlight 4 = 273;867;04/11/2021	[MsgId: MMSG-17999]
Create.c(100): Количество билетов с чётной ценой = 4	[MsgId: MMSG-17999]
Create.c(104): Значение outboundFlight билета с чётной ценой = 003.OpenPage_ticket_FindFlight_ex2	[MsgId: MMSG-17999]
Create.c(104): Значение outboundFlight билета с чётной ценой = Connecting [2] to host 127.0.0.1:1080	[MsgId: MMSG-17999]
Create.c(104): Значение outboundFlight билета с чётной ценой = ета = 944	[MsgId: MMSG-17999]	[MsgId: MMSG-17999]
Create.c(104): Значение outboundFlight билета с чётной ценой = Connecting [2] to host 127.0.0.1:1080	[MsgId: MMSG-17999]
Create.c(110): Случайный номер билета из числа четных = 2	[MsgId: MMSG-17999]
Create.c(111): Выбран этот билет = Connecting [2] to host 127.0.0.1:1080	[MsgId: MMSG-17999]
Create.c(179): Информация о билете: = :  8am : Flight  leaves Denver  for Denver	[MsgId: MMSG-17999]
Create.c(72): Цена 1 билета = 2701	[MsgId: MMSG-17999]
Create.c(73): Цена 2 билета = 2407	[MsgId: MMSG-17999]
Create.c(74): Цена 3 билета = 2554	[MsgId: MMSG-17999]
Create.c(75): Цена 4 билета = 2210	[MsgId: MMSG-17999]
Create.c(82): Значение outboundFlight 1 = 280;2701;04/11/2021	[MsgId: MMSG-17999]
Create.c(83): Значение outboundFlight 2 = 281;2407;04/11/2021	[MsgId: MMSG-17999]
Create.c(84): Значение outboundFlight 3 = 282;2554;04/11/2021	[MsgId: MMSG-17999]
Create.c(85): Значение outboundFlight 4 = 283;2210;04/11/2021	[MsgId: MMSG-17999]
Create.c(100): Количество билетов с чётной ценой = 4	[MsgId: MMSG-17999]
Create.c(104): Значение outboundFlight билета с чётной ценой = Connecting [1] to host 127.0.0.1:1080	[MsgId: MMSG-17999]
Create.c(104): Значение outboundFlight билета с чётной ценой = Connecting [4] to host 127.0.0.1:1080	[MsgId: MMSG-17999]
Create.c(104): Значение outboundFlight билета с чётной ценой = Connecting [0] to host 127.0.0.1:1080	[MsgId: MMSG-17999]
Create.c(104): Значение outboundFlight билета с чётной ценой = Already connected [1] to localhost:1080	[MsgId: MMSG-17999]
Create.c(110): Случайный номер билета из числа четных = 2	[MsgId: MMSG-17999]
Create.c(111): Выбран этот билет = Connecting [4] to host 127.0.0.1:1080	[MsgId: MMSG-17999]
Create.c(179): Информация о билете: = :  8am : Flight Connecting [0] to host 127.0.0.1:8086 leaves Denver  for Denver	[MsgId: MMSG-17999]
Create.c(179): Информация о билете: = :  8am : Flight Already connected [0] to localhost:1080 leaves Denver  for Denver	[MsgId: MMSG-17999]
Create.c(179): Информация о билете: = :  8am : Flight Connecting [2] to host 127.0.0.1:1080 leaves Denver  for Denver	[MsgId: MMSG-17999]
Create.c(72): Цена 1 билета = 1099	[MsgId: MMSG-17999]
Create.c(73): Цена 2 билета = 979	[MsgId: MMSG-17999]
Create.c(74): Цена 3 билета = 1039	[MsgId: MMSG-17999]
Create.c(75): Цена 4 билета = 899	[MsgId: MMSG-17999]
Create.c(82): Значение outboundFlight 1 = 620;1099;04/11/2021	[MsgId: MMSG-17999]
Create.c(83): Значение outboundFlight 2 = 621;979;04/11/2021	[MsgId: MMSG-17999]
Create.c(84): Значение outboundFlight 3 = 622;1039;04/11/2021	[MsgId: MMSG-17999]
Create.c(85): Значение outboundFlight 4 = 623;899;04/11/2021	[MsgId: MMSG-17999]
Create.c(100): Количество билетов с чётной ценой = 4	[MsgId: MMSG-17999]
Create.c(104): Значение outboundFlight билета с чётной ценой = 623;899;04/11/2021	[MsgId: MMSG-17999]
Create.c(104): Значение outboundFlight билета с чётной ценой = 	[MsgId: MMSG-17999]
Create.c(104): Значение outboundFlight билета с чётной ценой = done "http://localhost:1080/cgi-bin/reservations.pl?page=welcome"	[MsgId: MMSG-17999]
Create.c(104): Значение outboundFlight билета с чётной ценой = 	[MsgId: MMSG-17999]
Create.c(110): Случайный номер билета из числа четных = 2	[MsgId: MMSG-17999]
Create.c(111): Выбран этот билет = 	[MsgId: MMSG-17999]
Create.c(179): Информация о билете: = :  8am : Flight Connecting [4] to host 127.0.0.1:1080 leaves Denver  for Denver	[MsgId: MMSG-17999]
Create.c(72): Цена 1 билета = 621	[MsgId: MMSG-17999]
Create.c(73): Цена 2 билета = 553	[MsgId: MMSG-17999]
Create.c(74): Цена 3 билета = 587	[MsgId: MMSG-17999]
Create.c(75): Цена 4 билета = 508	[MsgId: MMSG-17999]
Create.c(82): Значение outboundFlight 1 = 450;621;04/11/2021	[MsgId: MMSG-17999]
Create.c(83): Значение outboundFlight 2 = 451;553;04/11/2021	[MsgId: MMSG-17999]
Create.c(84): Значение outboundFlight 3 = 452;587;04/11/2021	[MsgId: MMSG-17999]
Create.c(85): Значение outboundFlight 4 = 453;508;04/11/2021	[MsgId: MMSG-17999]
Create.c(100): Количество билетов с чётной ценой = 4	[MsgId: MMSG-17999]
Create.c(104): Значение outboundFlight билета с чётной ценой = 003.OpenPage_ticket_FindFlight_ex2	[MsgId: MMSG-17999]
Create.c(104): Значение outboundFlight билета с чётной ценой = Connecting [0] to host 127.0.0.1:8086	[MsgId: MMSG-17999]
Create.c(104): Значение outboundFlight билета с чётной ценой = Connecting [4] to host 127.0.0.1:1080	[MsgId: MMSG-17999]
Create.c(104): Значение outboundFlight билета с чётной ценой = Value={true	[MsgId: MMSG-17999]
Create.c(110): Случайный номер билета из числа четных = 2	[MsgId: MMSG-17999]
Create.c(111): Выбран этот билет = Connecting [0] to host 127.0.0.1:8086	[MsgId: MMSG-17999]
Create.c(72): Цена 1 билета = 598	[MsgId: MMSG-17999]
Create.c(73): Цена 2 билета = 533	[MsgId: MMSG-17999]
Create.c(74): Цена 3 билета = 565	[MsgId: MMSG-17999]
Create.c(75): Цена 4 билета = 489	[MsgId: MMSG-17999]
Create.c(82): Значение outboundFlight 1 = 470;598;04/11/2021	[MsgId: MMSG-17999]
Create.c(83): Значение outboundFlight 2 = 471;533;04/11/2021	[MsgId: MMSG-17999]
Create.c(84): Значение outboundFlight 3 = 472;565;04/11/2021	[MsgId: MMSG-17999]
Create.c(85): Значение outboundFlight 4 = 473;489;04/11/2021	[MsgId: MMSG-17999]
Create.c(100): Количество билетов с чётной ценой = 4	[MsgId: MMSG-17999]
Create.c(104): Значение outboundFlight билета с чётной ценой = 333;0;04/11/2021	[MsgId: MMSG-17999]
Create.c(104): Значение outboundFlight билета с чётной ценой = Already connected [0] to localhost:1080	[MsgId: MMSG-17999]
Create.c(104): Значение outboundFlight билета с чётной ценой = Connecting [4] to host 127.0.0.1:1080	[MsgId: MMSG-17999]
Create.c(104): Значение outboundFlight билета с чётной ценой = 006.Create_ticket_PaymentDetail_ex2	[MsgId: MMSG-17999]
Create.c(110): Случайный номер билета из числа четных = 2	[MsgId: MMSG-17999]
Create.c(111): Выбран этот билет = Already connected [0] to localhost:1080	[MsgId: MMSG-17999]
Create.c(72): Цена 1 билета = 241	[MsgId: MMSG-17999]
Create.c(73): Цена 2 билета = 214	[MsgId: MMSG-17999]
Create.c(74): Цена 3 билета = 228	[MsgId: MMSG-17999]
Create.c(75): Цена 4 билета = 197	[MsgId: MMSG-17999]
Create.c(82): Значение outboundFlight 1 = 140;241;04/11/2021	[MsgId: MMSG-17999]
Create.c(83): Значение outboundFlight 2 = 141;214;04/11/2021	[MsgId: MMSG-17999]
Create.c(84): Значение outboundFlight 3 = 142;228;04/11/2021	[MsgId: MMSG-17999]
Create.c(85): Значение outboundFlight 4 = 143;197;04/11/2021	[MsgId: MMSG-17999]
Create.c(100): Количество билетов с чётной ценой = 4	[MsgId: MMSG-17999]
Create.c(104): Значение outboundFlight билета с чётной ценой = 003.OpenPage_ticket_FindFlight_ex2	[MsgId: MMSG-17999]
Create.c(104): Значение outboundFlight билета с чётной ценой = Connecting [2] to host 127.0.0.1:1080	[MsgId: MMSG-17999]
Create.c(104): Значение outboundFlight билета с чётной ценой = ета = 944	[MsgId: MMSG-17999]	[MsgId: MMSG-17999]
Create.c(104): Значение outboundFlight билета с чётной ценой = Connecting [2] to host 127.0.0.1:1080	[MsgId: MMSG-17999]
Create.c(110): Случайный номер билета из числа четных = 2	[MsgId: MMSG-17999]
Create.c(111): Выбран этот билет = Connecting [2] to host 127.0.0.1:1080	[MsgId: MMSG-17999]
Create.c(179): Информация о билете: = :  8am : Flight  leaves Denver  for Denver	[MsgId: MMSG-17999]
Create.c(72): Цена 1 билета = 424	[MsgId: MMSG-17999]
Create.c(73): Цена 2 билета = 378	[MsgId: MMSG-17999]
Create.c(74): Цена 3 билета = 401	[MsgId: MMSG-17999]
Create.c(75): Цена 4 билета = 347	[MsgId: MMSG-17999]
Create.c(82): Значение outboundFlight 1 = 310;424;04/11/2021	[MsgId: MMSG-17999]
Create.c(83): Значение outboundFlight 2 = 311;378;04/11/2021	[MsgId: MMSG-17999]
Create.c(84): Значение outboundFlight 3 = 312;401;04/11/2021	[MsgId: MMSG-17999]
Create.c(85): Значение outboundFlight 4 = 313;347;04/11/2021	[MsgId: MMSG-17999]
Create.c(100): Количество билетов с чётной ценой = 4	[MsgId: MMSG-17999]
Create.c(104): Значение outboundFlight билета с чётной ценой = Connecting [1] to host 127.0.0.1:1080	[MsgId: MMSG-17999]
Create.c(104): Значение outboundFlight билета с чётной ценой = Connecting [4] to host 127.0.0.1:1080	[MsgId: MMSG-17999]
Create.c(104): Значение outboundFlight билета с чётной ценой = Connecting [0] to host 127.0.0.1:1080	[MsgId: MMSG-17999]
Create.c(104): Значение outboundFlight билета с чётной ценой = Already connected [1] to localhost:1080	[MsgId: MMSG-17999]
Create.c(110): Случайный номер билета из числа четных = 2	[MsgId: MMSG-17999]
Create.c(111): Выбран этот билет = Connecting [4] to host 127.0.0.1:1080	[MsgId: MMSG-17999]
Create.c(179): Информация о билете: = :  8am : Flight Connecting [0] to host 127.0.0.1:8086 leaves Denver  for Denver	[MsgId: MMSG-17999]
Create.c(179): Информация о билете: = :  8am : Flight Already connected [0] to localhost:1080 leaves Denver  for Denver	[MsgId: MMSG-17999]
Create.c(72): Цена 1 билета = 957	[MsgId: MMSG-17999]
Create.c(73): Цена 2 билета = 852	[MsgId: MMSG-17999]
Create.c(74): Цена 3 билета = 904	[MsgId: MMSG-17999]
Create.c(75): Цена 4 билета = 783	[MsgId: MMSG-17999]
Create.c(82): Значение outboundFlight 1 = 170;957;04/11/2021	[MsgId: MMSG-17999]
Create.c(83): Значение outboundFlight 2 = 171;852;04/11/2021	[MsgId: MMSG-17999]
Create.c(84): Значение outboundFlight 3 = 172;904;04/11/2021	[MsgId: MMSG-17999]
Create.c(85): Значение outboundFlight 4 = 173;783;04/11/2021	[MsgId: MMSG-17999]
Create.c(100): Количество билетов с чётной ценой = 4	[MsgId: MMSG-17999]
Create.c(104): Значение outboundFlight билета с чётной ценой = 623;899;04/11/2021	[MsgId: MMSG-17999]
Create.c(104): Значение outboundFlight билета с чётной ценой = 	[MsgId: MMSG-17999]
Create.c(104): Значение outboundFlight билета с чётной ценой = done "http://localhost:1080/cgi-bin/reservations.pl?page=welcome"	[MsgId: MMSG-17999]
Create.c(104): Значение outboundFlight билета с чётной ценой = 172;904;04/11/2021	[MsgId: MMSG-17999]
Create.c(110): Случайный номер билета из числа четных = 2	[MsgId: MMSG-17999]
Create.c(111): Выбран этот билет = 	[MsgId: MMSG-17999]
Create.c(179): Информация о билете: = :  8am : Flight Connecting [2] to host 127.0.0.1:1080 leaves Denver  for Denver	[MsgId: MMSG-17999]
Create.c(179): Информация о билете: = :  8am : Flight Connecting [4] to host 127.0.0.1:1080 leaves Denver  for Denver	[MsgId: MMSG-17999]
Create.c(72): Цена 1 билета = 0	[MsgId: MMSG-17999]
Create.c(73): Цена 2 билета = 0	[MsgId: MMSG-17999]
Create.c(74): Цена 3 билета = 0	[MsgId: MMSG-17999]
Create.c(75): Цена 4 билета = 0	[MsgId: MMSG-17999]
Create.c(82): Значение outboundFlight 1 = 880;0;04/11/2021	[MsgId: MMSG-17999]
Create.c(83): Значение outboundFlight 2 = 881;0;04/11/2021	[MsgId: MMSG-17999]
Create.c(84): Значение outboundFlight 3 = 882;0;04/11/2021	[MsgId: MMSG-17999]
Create.c(85): Значение outboundFlight 4 = 883;0;04/11/2021	[MsgId: MMSG-17999]
Create.c(100): Количество билетов с чётной ценой = 4	[MsgId: MMSG-17999]
Create.c(104): Значение outboundFlight билета с чётной ценой = 333;0;04/11/2021	[MsgId: MMSG-17999]
Create.c(104): Значение outboundFlight билета с чётной ценой = Already connected [0] to localhost:1080	[MsgId: MMSG-17999]
Create.c(104): Значение outboundFlight билета с чётной ценой = Connecting [4] to host 127.0.0.1:1080	[MsgId: MMSG-17999]
Create.c(104): Значение outboundFlight билета с чётной ценой = 006.Create_ticket_PaymentDetail_ex2	[MsgId: MMSG-17999]
Create.c(110): Случайный номер билета из числа четных = 1	[MsgId: MMSG-17999]
Create.c(111): Выбран этот билет = 333;0;04/11/2021	[MsgId: MMSG-17999]
Create.c(72): Цена 1 билета = 108	[MsgId: MMSG-17999]
Create.c(73): Цена 2 билета = 97	[MsgId: MMSG-17999]
Create.c(74): Цена 3 билета = 102	[MsgId: MMSG-17999]
Create.c(75): Цена 4 билета = 89	[MsgId: MMSG-17999]
Create.c(82): Значение outboundFlight 1 = 420;108;04/11/2021	[MsgId: MMSG-17999]
Create.c(83): Значение outboundFlight 2 = 421;97;04/11/2021	[MsgId: MMSG-17999]
Create.c(84): Значение outboundFlight 3 = 422;102;04/11/2021	[MsgId: MMSG-17999]
Create.c(85): Значение outboundFlight 4 = 423;89;04/11/2021	[MsgId: MMSG-17999]
Create.c(100): Количество билетов с чётной ценой = 4	[MsgId: MMSG-17999]
Create.c(104): Значение outboundFlight билета с чётной ценой = 003.OpenPage_ticket_FindFlight_ex2	[MsgId: MMSG-17999]
Create.c(104): Значение outboundFlight билета с чётной ценой = Connecting [0] to host 127.0.0.1:8086	[MsgId: MMSG-17999]
Create.c(104): Значение outboundFlight билета с чётной ценой = Connecting [4] to host 127.0.0.1:1080	[MsgId: MMSG-17999]
Create.c(104): Значение outboundFlight билета с чётной ценой = Value={true	[MsgId: MMSG-17999]
Create.c(110): Случайный номер билета из числа четных = 1	[MsgId: MMSG-17999]
Create.c(111): Выбран этот билет = 003.OpenPage_ticket_FindFlight_ex2	[MsgId: MMSG-17999]
Create.c(179): Информация о билете: = :  8am : Flight  leaves Denver  for Denver	[MsgId: MMSG-17999]
Create.c(72): Цена 1 билета = 472	[MsgId: MMSG-17999]
Create.c(73): Цена 2 билета = 420	[MsgId: MMSG-17999]
Create.c(74): Цена 3 билета = 446	[MsgId: MMSG-17999]
Create.c(75): Цена 4 билета = 386	[MsgId: MMSG-17999]
Create.c(82): Значение outboundFlight 1 = 300;472;04/11/2021	[MsgId: MMSG-17999]
Create.c(83): Значение outboundFlight 2 = 301;420;04/11/2021	[MsgId: MMSG-17999]
Create.c(84): Значение outboundFlight 3 = 302;446;04/11/2021	[MsgId: MMSG-17999]
Create.c(85): Значение outboundFlight 4 = 303;386;04/11/2021	[MsgId: MMSG-17999]
Create.c(100): Количество билетов с чётной ценой = 4	[MsgId: MMSG-17999]
Create.c(104): Значение outboundFlight билета с чётной ценой = 003.OpenPage_ticket_FindFlight_ex2	[MsgId: MMSG-17999]
Create.c(104): Значение outboundFlight билета с чётной ценой = Connecting [2] to host 127.0.0.1:1080	[MsgId: MMSG-17999]
Create.c(104): Значение outboundFlight билета с чётной ценой = ета = 944	[MsgId: MMSG-17999]	[MsgId: MMSG-17999]
Create.c(104): Значение outboundFlight билета с чётной ценой = Connecting [2] to host 127.0.0.1:1080	[MsgId: MMSG-17999]
Create.c(110): Случайный номер билета из числа четных = 1	[MsgId: MMSG-17999]
Create.c(111): Выбран этот билет = 003.OpenPage_ticket_FindFlight_ex2	[MsgId: MMSG-17999]
Create.c(72): Цена 1 билета = 0	[MsgId: MMSG-17999]
Create.c(73): Цена 2 билета = 0	[MsgId: MMSG-17999]
Create.c(74): Цена 3 билета = 0	[MsgId: MMSG-17999]
Create.c(75): Цена 4 билета = 0	[MsgId: MMSG-17999]
Create.c(82): Значение outboundFlight 1 = 880;0;04/11/2021	[MsgId: MMSG-17999]
Create.c(83): Значение outboundFlight 2 = 881;0;04/11/2021	[MsgId: MMSG-17999]
Create.c(84): Значение outboundFlight 3 = 882;0;04/11/2021	[MsgId: MMSG-17999]
Create.c(85): Значение outboundFlight 4 = 883;0;04/11/2021	[MsgId: MMSG-17999]
Create.c(100): Количество билетов с чётной ценой = 4	[MsgId: MMSG-17999]
Create.c(104): Значение outboundFlight билета с чётной ценой = Connecting [1] to host 127.0.0.1:1080	[MsgId: MMSG-17999]
Create.c(104): Значение outboundFlight билета с чётной ценой = Connecting [4] to host 127.0.0.1:1080	[MsgId: MMSG-17999]
Create.c(104): Значение outboundFlight билета с чётной ценой = Connecting [0] to host 127.0.0.1:1080	[MsgId: MMSG-17999]
Create.c(104): Значение outboundFlight билета с чётной ценой = Already connected [1] to localhost:1080	[MsgId: MMSG-17999]
Create.c(110): Случайный номер билета из числа четных = 1	[MsgId: MMSG-17999]
Create.c(111): Выбран этот билет = Connecting [1] to host 127.0.0.1:1080	[MsgId: MMSG-17999]
Create.c(179): Информация о билете: = 04/11/2021 :  11pm : Flight 333 leaves Los Angeles  for Los Angeles	[MsgId: MMSG-17999]
Create.c(179): Информация о билете: = :  11pm : Flight 003.OpenPage_ticket_FindFlight_ex2 leaves Denver  for Denver	[MsgId: MMSG-17999]
Create.c(72): Цена 1 билета = 0	[MsgId: MMSG-17999]
Create.c(73): Цена 2 билета = 0	[MsgId: MMSG-17999]
Create.c(74): Цена 3 билета = 0	[MsgId: MMSG-17999]
Create.c(75): Цена 4 билета = 0	[MsgId: MMSG-17999]
Create.c(82): Значение outboundFlight 1 = 550;0;04/11/2021	[MsgId: MMSG-17999]
Create.c(83): Значение outboundFlight 2 = 551;0;04/11/2021	[MsgId: MMSG-17999]
Create.c(84): Значение outboundFlight 3 = 552;0;04/11/2021	[MsgId: MMSG-17999]
Create.c(85): Значение outboundFlight 4 = 553;0;04/11/2021	[MsgId: MMSG-17999]
Create.c(100): Количество билетов с чётной ценой = 4	[MsgId: MMSG-17999]
Create.c(104): Значение outboundFlight билета с чётной ценой = 623;899;04/11/2021	[MsgId: MMSG-17999]
Create.c(104): Значение outboundFlight билета с чётной ценой = 	[MsgId: MMSG-17999]
Create.c(104): Значение outboundFlight билета с чётной ценой = done "http://localhost:1080/cgi-bin/reservations.pl?page=welcome"	[MsgId: MMSG-17999]
Create.c(104): Значение outboundFlight билета с чётной ценой = 172;904;04/11/2021	[MsgId: MMSG-17999]
Create.c(110): Случайный номер билета из числа четных = 1	[MsgId: MMSG-17999]
Create.c(111): Выбран этот билет = 623;899;04/11/2021	[MsgId: MMSG-17999]
Create.c(179): Информация о билете: = :  11pm : Flight 003.OpenPage_ticket_FindFlight_ex2 leaves Denver  for Denver	[MsgId: MMSG-17999]
Create.c(179): Информация о билете: = :  8am : Flight Connecting [1] to host 127.0.0.1:1080 leaves Denver  for Denver	[MsgId: MMSG-17999]
Create.c(72): Цена 1 билета = 385	[MsgId: MMSG-17999]
Create.c(73): Цена 2 билета = 343	[MsgId: MMSG-17999]
Create.c(74): Цена 3 билета = 364	[MsgId: MMSG-17999]
Create.c(75): Цена 4 билета = 315	[MsgId: MMSG-17999]
Create.c(82): Значение outboundFlight 1 = 210;385;04/11/2021	[MsgId: MMSG-17999]
Create.c(83): Значение outboundFlight 2 = 211;343;04/11/2021	[MsgId: MMSG-17999]
Create.c(84): Значение outboundFlight 3 = 212;364;04/11/2021	[MsgId: MMSG-17999]
Create.c(85): Значение outboundFlight 4 = 213;315;04/11/2021	[MsgId: MMSG-17999]
Create.c(100): Количество билетов с чётной ценой = 4	[MsgId: MMSG-17999]
Create.c(104): Значение outboundFlight билета с чётной ценой = 004.Create_ticket_FindFlight_ex2	[MsgId: MMSG-17999]
Create.c(104): Значение outboundFlight билета с чётной ценой = Connecting [0] to host 127.0.0.1:8086	[MsgId: MMSG-17999]
Create.c(104): Значение outboundFlight билета с чётной ценой = Connecting [4] to host 127.0.0.1:1080	[MsgId: MMSG-17999]
Create.c(104): Значение outboundFlight билета с чётной ценой = 	[MsgId: MMSG-17999]
Create.c(110): Случайный номер билета из числа четных = 1	[MsgId: MMSG-17999]
Create.c(111): Выбран этот билет = 004.Create_ticket_FindFlight_ex2	[MsgId: MMSG-17999]
Create.c(72): Цена 1 билета = 1121	[MsgId: MMSG-17999]
Create.c(73): Цена 2 билета = 998	[MsgId: MMSG-17999]
Create.c(74): Цена 3 билета = 1060	[MsgId: MMSG-17999]
Create.c(75): Цена 4 билета = 917	[MsgId: MMSG-17999]
Create.c(82): Значение outboundFlight 1 = 230;1121;04/11/2021	[MsgId: MMSG-17999]
Create.c(83): Значение outboundFlight 2 = 231;998;04/11/2021	[MsgId: MMSG-17999]
Create.c(84): Значение outboundFlight 3 = 232;1060;04/11/2021	[MsgId: MMSG-17999]
Create.c(85): Значение outboundFlight 4 = 233;917;04/11/2021	[MsgId: MMSG-17999]
Create.c(100): Количество билетов с чётной ценой = 4	[MsgId: MMSG-17999]
Create.c(104): Значение outboundFlight билета с чётной ценой = 333;0;04/11/2021	[MsgId: MMSG-17999]
Create.c(104): Значение outboundFlight билета с чётной ценой = Already connected [0] to localhost:1080	[MsgId: MMSG-17999]
Create.c(104): Значение outboundFlight билета с чётной ценой = Connecting [4] to host 127.0.0.1:1080	[MsgId: MMSG-17999]
Create.c(104): Значение outboundFlight билета с чётной ценой = 006.Create_ticket_PaymentDetail_ex2	[MsgId: MMSG-17999]
Create.c(110): Случайный номер билета из числа четных = 1	[MsgId: MMSG-17999]
Create.c(111): Выбран этот билет = 333;0;04/11/2021	[MsgId: MMSG-17999]
Create.c(179): Информация о билете: = 04/11/2021 :  11pm : Flight 623 leaves San Francisco  for London	[MsgId: MMSG-17999]
Create.c(72): Цена 1 билета = 0	[MsgId: MMSG-17999]
Create.c(73): Цена 2 билета = 0	[MsgId: MMSG-17999]
Create.c(74): Цена 3 билета = 0	[MsgId: MMSG-17999]
Create.c(75): Цена 4 билета = 0	[MsgId: MMSG-17999]
Create.c(82): Значение outboundFlight 1 = 990;0;04/11/2021	[MsgId: MMSG-17999]
Create.c(83): Значение outboundFlight 2 = 991;0;04/11/2021	[MsgId: MMSG-17999]
Create.c(84): Значение outboundFlight 3 = 992;0;04/11/2021	[MsgId: MMSG-17999]
Create.c(85): Значение outboundFlight 4 = 993;0;04/11/2021	[MsgId: MMSG-17999]
Create.c(100): Количество билетов с чётной ценой = 4	[MsgId: MMSG-17999]
Create.c(104): Значение outboundFlight билета с чётной ценой = 003.OpenPage_ticket_FindFlight_ex2	[MsgId: MMSG-17999]
Create.c(104): Значение outboundFlight билета с чётной ценой = Connecting [2] to host 127.0.0.1:1080	[MsgId: MMSG-17999]
Create.c(104): Значение outboundFlight билета с чётной ценой = ета = 944	[MsgId: MMSG-17999]	[MsgId: MMSG-17999]
Create.c(104): Значение outboundFlight билета с чётной ценой = Connecting [2] to host 127.0.0.1:1080	[MsgId: MMSG-17999]
Create.c(110): Случайный номер билета из числа четных = 1	[MsgId: MMSG-17999]
Create.c(111): Выбран этот билет = 003.OpenPage_ticket_FindFlight_ex2	[MsgId: MMSG-17999]
Create.c(72): Цена 1 билета = 424	[MsgId: MMSG-17999]
Create.c(73): Цена 2 билета = 378	[MsgId: MMSG-17999]
Create.c(74): Цена 3 билета = 401	[MsgId: MMSG-17999]
Create.c(75): Цена 4 билета = 347	[MsgId: MMSG-17999]
Create.c(82): Значение outboundFlight 1 = 310;424;04/11/2021	[MsgId: MMSG-17999]
Create.c(83): Значение outboundFlight 2 = 311;378;04/11/2021	[MsgId: MMSG-17999]
Create.c(84): Значение outboundFlight 3 = 312;401;04/11/2021	[MsgId: MMSG-17999]
Create.c(85): Значение outboundFlight 4 = 313;347;04/11/2021	[MsgId: MMSG-17999]
Create.c(100): Количество билетов с чётной ценой = 4	[MsgId: MMSG-17999]
Create.c(104): Значение outboundFlight билета с чётной ценой = Connecting [1] to host 127.0.0.1:1080	[MsgId: MMSG-17999]
Create.c(104): Значение outboundFlight билета с чётной ценой = Connecting [4] to host 127.0.0.1:1080	[MsgId: MMSG-17999]
Create.c(104): Значение outboundFlight билета с чётной ценой = Connecting [0] to host 127.0.0.1:1080	[MsgId: MMSG-17999]
Create.c(104): Значение outboundFlight билета с чётной ценой = Already connected [1] to localhost:1080	[MsgId: MMSG-17999]
Create.c(110): Случайный номер билета из числа четных = 1	[MsgId: MMSG-17999]
Create.c(111): Выбран этот билет = Connecting [1] to host 127.0.0.1:1080	[MsgId: MMSG-17999]
Create.c(179): Информация о билете: = 04/11/2021 :  11pm : Flight 333 leaves Los Angeles  for Los Angeles	[MsgId: MMSG-17999]
Create.c(179): Информация о билете: = :   : Flight 004.Create_ticket_FindFlight_ex2 leaves Denver  for Denver	[MsgId: MMSG-17999]
Create.c(72): Цена 1 билета = 957	[MsgId: MMSG-17999]
Create.c(73): Цена 2 билета = 852	[MsgId: MMSG-17999]
Create.c(74): Цена 3 билета = 904	[MsgId: MMSG-17999]
Create.c(75): Цена 4 билета = 783	[MsgId: MMSG-17999]
Create.c(82): Значение outboundFlight 1 = 170;957;04/11/2021	[MsgId: MMSG-17999]
Create.c(83): Значение outboundFlight 2 = 171;852;04/11/2021	[MsgId: MMSG-17999]
Create.c(84): Значение outboundFlight 3 = 172;904;04/11/2021	[MsgId: MMSG-17999]
Create.c(85): Значение outboundFlight 4 = 173;783;04/11/2021	[MsgId: MMSG-17999]
Create.c(100): Количество билетов с чётной ценой = 4	[MsgId: MMSG-17999]
Create.c(104): Значение outboundFlight билета с чётной ценой = 623;899;04/11/2021	[MsgId: MMSG-17999]
Create.c(104): Значение outboundFlight билета с чётной ценой = 	[MsgId: MMSG-17999]
Create.c(104): Значение outboundFlight билета с чётной ценой = done "http://localhost:1080/cgi-bin/reservations.pl?page=welcome"	[MsgId: MMSG-17999]
Create.c(104): Значение outboundFlight билета с чётной ценой = 172;904;04/11/2021	[MsgId: MMSG-17999]
Create.c(110): Случайный номер билета из числа четных = 1	[MsgId: MMSG-17999]
Create.c(111): Выбран этот билет = 623;899;04/11/2021	[MsgId: MMSG-17999]
Create.c(179): Информация о билете: = :  11pm : Flight 003.OpenPage_ticket_FindFlight_ex2 leaves Denver  for Denver	[MsgId: MMSG-17999]
Create.c(179): Информация о билете: = :  8am : Flight Connecting [1] to host 127.0.0.1:1080 leaves Denver  for Denver	[MsgId: MMSG-17999]
Create.c(72): Цена 1 билета = 350	[MsgId: MMSG-17999]
Create.c(73): Цена 2 билета = 312	[MsgId: MMSG-17999]
Create.c(74): Цена 3 билета = 331	[MsgId: MMSG-17999]
Create.c(75): Цена 4 билета = 286	[MsgId: MMSG-17999]
Create.c(82): Значение outboundFlight 1 = 290;350;04/11/2021	[MsgId: MMSG-17999]
Create.c(83): Значение outboundFlight 2 = 291;312;04/11/2021	[MsgId: MMSG-17999]
Create.c(84): Значение outboundFlight 3 = 292;331;04/11/2021	[MsgId: MMSG-17999]
Create.c(85): Значение outboundFlight 4 = 293;286;04/11/2021	[MsgId: MMSG-17999]
Create.c(100): Количество билетов с чётной ценой = 4	[MsgId: MMSG-17999]
Create.c(104): Значение outboundFlight билета с чётной ценой = 333;0;04/11/2021	[MsgId: MMSG-17999]
Create.c(104): Значение outboundFlight билета с чётной ценой = Already connected [0] to localhost:1080	[MsgId: MMSG-17999]
Create.c(104): Значение outboundFlight билета с чётной ценой = Connecting [4] to host 127.0.0.1:1080	[MsgId: MMSG-17999]
Create.c(104): Значение outboundFlight билета с чётной ценой = 004.Create_ticket_FindFlight_ex2	[MsgId: MMSG-17999]
Create.c(110): Случайный номер билета из числа четных = 4	[MsgId: MMSG-17999]
Create.c(111): Выбран этот билет = 004.Create_ticket_FindFlight_ex2	[MsgId: MMSG-17999]
Create.c(72): Цена 1 билета = 867	[MsgId: MMSG-17999]
Create.c(73): Цена 2 билета = 773	[MsgId: MMSG-17999]
Create.c(74): Цена 3 билета = 820	[MsgId: MMSG-17999]
Create.c(75): Цена 4 билета = 709	[MsgId: MMSG-17999]
Create.c(82): Значение outboundFlight 1 = 740;867;04/11/2021	[MsgId: MMSG-17999]
Create.c(83): Значение outboundFlight 2 = 741;773;04/11/2021	[MsgId: MMSG-17999]
Create.c(84): Значение outboundFlight 3 = 742;820;04/11/2021	[MsgId: MMSG-17999]
Create.c(85): Значение outboundFlight 4 = 743;709;04/11/2021	[MsgId: MMSG-17999]
Create.c(100): Количество билетов с чётной ценой = 4	[MsgId: MMSG-17999]
Create.c(104): Значение outboundFlight билета с чётной ценой = 004.Create_ticket_FindFlight_ex2	[MsgId: MMSG-17999]
Create.c(104): Значение outboundFlight билета с чётной ценой = 005.Create_ticket_ChooseCost_ex2	[MsgId: MMSG-17999]
Create.c(104): Значение outboundFlight билета с чётной ценой = Already connected [0] to localhost:8086	[MsgId: MMSG-17999]
Create.c(104): Значение outboundFlight билета с чётной ценой = 	[MsgId: MMSG-17999]
Create.c(110): Случайный номер билета из числа четных = 4	[MsgId: MMSG-17999]
Create.c(111): Выбран этот билет = 	[MsgId: MMSG-17999]
Create.c(179): Информация о билете: = 04/11/2021 :  11pm : Flight 623 leaves San Francisco  for London	[MsgId: MMSG-17999]
Create.c(179): Информация о билете: = :   : Flight 004.Create_ticket_FindFlight_ex2 leaves Denver  for Denver	[MsgId: MMSG-17999]
Create.c(179): Информация о билете: = :  8am : Flight  leaves Denver  for Denver	[MsgId: MMSG-17999]
