Create.c(72): Цена 1 билета = 789	[MsgId: MMSG-17999]
Create.c(73): Цена 2 билета = 703	[MsgId: MMSG-17999]
Create.c(74): Цена 3 билета = 746	[MsgId: MMSG-17999]
Create.c(75): Цена 4 билета = 646	[MsgId: MMSG-17999]
Create.c(82): Значение outboundFlight 1 = 900;789;04/11/2021	[MsgId: MMSG-17999]
Create.c(83): Значение outboundFlight 2 = 901;703;04/11/2021	[MsgId: MMSG-17999]
Create.c(84): Значение outboundFlight 3 = 902;746;04/11/2021	[MsgId: MMSG-17999]
Create.c(85): Значение outboundFlight 4 = 903;646;04/11/2021	[MsgId: MMSG-17999]
Create.c(100): Количество билетов с чётной ценой = 2	[MsgId: MMSG-17999]
Create.c(104): Значение outboundFlight билета с чётной ценой = 902;746;04/11/2021	[MsgId: MMSG-17999]
Create.c(104): Значение outboundFlight билета с чётной ценой = 903;646;04/11/2021	[MsgId: MMSG-17999]
Create.c(110): Случайный номер билета из числа четных = 1	[MsgId: MMSG-17999]
Create.c(111): Выбран этот билет = 902;746;04/11/2021	[MsgId: MMSG-17999]
Create.c(179): Информация о билете: = 04/11/2021 :  5pm : Flight 902 leaves Zurich  for Denver	[MsgId: MMSG-17999]
Create.c(72): Цена 1 билета = 669	[MsgId: MMSG-17999]
Create.c(73): Цена 2 билета = 596	[MsgId: MMSG-17999]
Create.c(74): Цена 3 билета = 633	[MsgId: MMSG-17999]
Create.c(75): Цена 4 билета = 548	[MsgId: MMSG-17999]
Create.c(82): Значение outboundFlight 1 = 380;669;04/11/2021	[MsgId: MMSG-17999]
Create.c(83): Значение outboundFlight 2 = 381;596;04/11/2021	[MsgId: MMSG-17999]
Create.c(84): Значение outboundFlight 3 = 382;633;04/11/2021	[MsgId: MMSG-17999]
Create.c(85): Значение outboundFlight 4 = 383;548;04/11/2021	[MsgId: MMSG-17999]
Create.c(100): Количество билетов с чётной ценой = 2	[MsgId: MMSG-17999]
Create.c(104): Значение outboundFlight билета с чётной ценой = 381;596;04/11/2021	[MsgId: MMSG-17999]
Create.c(104): Значение outboundFlight билета с чётной ценой = 383;548;04/11/2021	[MsgId: MMSG-17999]
Create.c(110): Случайный номер билета из числа четных = 2	[MsgId: MMSG-17999]
Create.c(111): Выбран этот билет = 383;548;04/11/2021	[MsgId: MMSG-17999]
Create.c(179): Информация о билете: = 04/11/2021 :  11pm : Flight 383 leaves Los Angeles  for Sydney	[MsgId: MMSG-17999]
Create.c(72): Цена 1 билета = 0	[MsgId: MMSG-17999]
Create.c(73): Цена 2 билета = 0	[MsgId: MMSG-17999]
Create.c(74): Цена 3 билета = 0	[MsgId: MMSG-17999]
Create.c(75): Цена 4 билета = 0	[MsgId: MMSG-17999]
Create.c(82): Значение outboundFlight 1 = 110;0;04/11/2021	[MsgId: MMSG-17999]
Create.c(83): Значение outboundFlight 2 = 111;0;04/11/2021	[MsgId: MMSG-17999]
Create.c(84): Значение outboundFlight 3 = 112;0;04/11/2021	[MsgId: MMSG-17999]
Create.c(85): Значение outboundFlight 4 = 113;0;04/11/2021	[MsgId: MMSG-17999]
Create.c(100): Количество билетов с чётной ценой = 4	[MsgId: MMSG-17999]
Create.c(104): Значение outboundFlight билета с чётной ценой = 110;0;04/11/2021	[MsgId: MMSG-17999]
Create.c(104): Значение outboundFlight билета с чётной ценой = 111;0;04/11/2021	[MsgId: MMSG-17999]
Create.c(104): Значение outboundFlight билета с чётной ценой = 112;0;04/11/2021	[MsgId: MMSG-17999]
Create.c(104): Значение outboundFlight билета с чётной ценой = 113;0;04/11/2021	[MsgId: MMSG-17999]
Create.c(110): Случайный номер билета из числа четных = 1	[MsgId: MMSG-17999]
Create.c(111): Выбран этот билет = 110;0;04/11/2021	[MsgId: MMSG-17999]
Create.c(179): Информация о билете: = 04/11/2021 :  8am : Flight 110 leaves Frankfurt  for Frankfurt	[MsgId: MMSG-17999]
Create.c(72): Цена 1 билета = 1428	[MsgId: MMSG-17999]
Create.c(73): Цена 2 билета = 1273	[MsgId: MMSG-17999]
Create.c(74): Цена 3 билета = 1350	[MsgId: MMSG-17999]
Create.c(75): Цена 4 билета = 1169	[MsgId: MMSG-17999]
Create.c(82): Значение outboundFlight 1 = 840;1428;04/11/2021	[MsgId: MMSG-17999]
Create.c(83): Значение outboundFlight 2 = 841;1273;04/11/2021	[MsgId: MMSG-17999]
Create.c(84): Значение outboundFlight 3 = 842;1350;04/11/2021	[MsgId: MMSG-17999]
Create.c(85): Значение outboundFlight 4 = 843;1169;04/11/2021	[MsgId: MMSG-17999]
Create.c(100): Количество билетов с чётной ценой = 2	[MsgId: MMSG-17999]
Create.c(104): Значение outboundFlight билета с чётной ценой = 840;1428;04/11/2021	[MsgId: MMSG-17999]
Create.c(104): Значение outboundFlight билета с чётной ценой = 842;1350;04/11/2021	[MsgId: MMSG-17999]
Create.c(110): Случайный номер билета из числа четных = 1	[MsgId: MMSG-17999]
Create.c(111): Выбран этот билет = 840;1428;04/11/2021	[MsgId: MMSG-17999]
Create.c(179): Информация о билете: = 04/11/2021 :  8am : Flight 840 leaves Sydney  for Paris	[MsgId: MMSG-17999]
Create.c(72): Цена 1 билета = 625	[MsgId: MMSG-17999]
Create.c(73): Цена 2 билета = 557	[MsgId: MMSG-17999]
Create.c(74): Цена 3 билета = 591	[MsgId: MMSG-17999]
Create.c(75): Цена 4 билета = 511	[MsgId: MMSG-17999]
Create.c(82): Значение outboundFlight 1 = 610;625;04/11/2021	[MsgId: MMSG-17999]
Create.c(83): Значение outboundFlight 2 = 611;557;04/11/2021	[MsgId: MMSG-17999]
Create.c(84): Значение outboundFlight 3 = 612;591;04/11/2021	[MsgId: MMSG-17999]
Create.c(85): Значение outboundFlight 4 = 613;511;04/11/2021	[MsgId: MMSG-17999]
Create.c(97): Билетов с четной ценой нет, скрипт завершен, билет не создан	[MsgId: MMSG-17999]
Create.c(72): Цена 1 билета = 0	[MsgId: MMSG-17999]
Create.c(73): Цена 2 билета = 0	[MsgId: MMSG-17999]
Create.c(74): Цена 3 билета = 0	[MsgId: MMSG-17999]
Create.c(75): Цена 4 билета = 0	[MsgId: MMSG-17999]
Create.c(82): Значение outboundFlight 1 = 550;0;04/11/2021	[MsgId: MMSG-17999]
Create.c(83): Значение outboundFlight 2 = 551;0;04/11/2021	[MsgId: MMSG-17999]
Create.c(84): Значение outboundFlight 3 = 552;0;04/11/2021	[MsgId: MMSG-17999]
Create.c(85): Значение outboundFlight 4 = 553;0;04/11/2021	[MsgId: MMSG-17999]
Create.c(100): Количество билетов с чётной ценой = 4	[MsgId: MMSG-17999]
Create.c(104): Значение outboundFlight билета с чётной ценой = 550;0;04/11/2021	[MsgId: MMSG-17999]
Create.c(104): Значение outboundFlight билета с чётной ценой = 551;0;04/11/2021	[MsgId: MMSG-17999]
Create.c(104): Значение outboundFlight билета с чётной ценой = 552;0;04/11/2021	[MsgId: MMSG-17999]
Create.c(104): Значение outboundFlight билета с чётной ценой = 553;0;04/11/2021	[MsgId: MMSG-17999]
Create.c(110): Случайный номер билета из числа четных = 2	[MsgId: MMSG-17999]
Create.c(111): Выбран этот билет = 551;0;04/11/2021	[MsgId: MMSG-17999]
Create.c(179): Информация о билете: = 04/11/2021 :  1pm : Flight 551 leaves Portland  for Portland	[MsgId: MMSG-17999]
Create.c(72): Цена 1 билета = 327	[MsgId: MMSG-17999]
Create.c(73): Цена 2 билета = 292	[MsgId: MMSG-17999]
Create.c(74): Цена 3 билета = 310	[MsgId: MMSG-17999]
Create.c(75): Цена 4 билета = 268	[MsgId: MMSG-17999]
Create.c(82): Значение outboundFlight 1 = 730;327;04/11/2021	[MsgId: MMSG-17999]
Create.c(83): Значение outboundFlight 2 = 731;292;04/11/2021	[MsgId: MMSG-17999]
Create.c(84): Значение outboundFlight 3 = 732;310;04/11/2021	[MsgId: MMSG-17999]
Create.c(85): Значение outboundFlight 4 = 733;268;04/11/2021	[MsgId: MMSG-17999]
Create.c(100): Количество билетов с чётной ценой = 3	[MsgId: MMSG-17999]
Create.c(104): Значение outboundFlight билета с чётной ценой = 731;292;04/11/2021	[MsgId: MMSG-17999]
Create.c(104): Значение outboundFlight билета с чётной ценой = 732;310;04/11/2021	[MsgId: MMSG-17999]
Create.c(104): Значение outboundFlight билета с чётной ценой = 733;268;04/11/2021	[MsgId: MMSG-17999]
Create.c(110): Случайный номер билета из числа четных = 3	[MsgId: MMSG-17999]
Create.c(111): Выбран этот билет = 733;268;04/11/2021	[MsgId: MMSG-17999]
Create.c(179): Информация о билете: = 04/11/2021 :  11pm : Flight 733 leaves Seattle  for Los Angeles	[MsgId: MMSG-17999]
Create.c(72): Цена 1 билета = 424	[MsgId: MMSG-17999]
Create.c(73): Цена 2 билета = 377	[MsgId: MMSG-17999]
Create.c(74): Цена 3 билета = 401	[MsgId: MMSG-17999]
Create.c(75): Цена 4 билета = 347	[MsgId: MMSG-17999]
Create.c(82): Значение outboundFlight 1 = 700;424;04/11/2021	[MsgId: MMSG-17999]
Create.c(83): Значение outboundFlight 2 = 701;377;04/11/2021	[MsgId: MMSG-17999]
Create.c(84): Значение outboundFlight 3 = 702;401;04/11/2021	[MsgId: MMSG-17999]
Create.c(85): Значение outboundFlight 4 = 703;347;04/11/2021	[MsgId: MMSG-17999]
Create.c(100): Количество билетов с чётной ценой = 1	[MsgId: MMSG-17999]
Create.c(104): Значение outboundFlight билета с чётной ценой = 700;424;04/11/2021	[MsgId: MMSG-17999]
Create.c(110): Случайный номер билета из числа четных = 1	[MsgId: MMSG-17999]
Create.c(111): Выбран этот билет = 700;424;04/11/2021	[MsgId: MMSG-17999]
Create.c(179): Информация о билете: = 04/11/2021 :  8am : Flight 700 leaves Seattle  for Denver	[MsgId: MMSG-17999]
Create.c(72): Цена 1 билета = 1428	[MsgId: MMSG-17999]
Create.c(73): Цена 2 билета = 1273	[MsgId: MMSG-17999]
Create.c(74): Цена 3 билета = 1350	[MsgId: MMSG-17999]
Create.c(75): Цена 4 билета = 1169	[MsgId: MMSG-17999]
Create.c(82): Значение outboundFlight 1 = 480;1428;04/11/2021	[MsgId: MMSG-17999]
Create.c(83): Значение outboundFlight 2 = 481;1273;04/11/2021	[MsgId: MMSG-17999]
Create.c(84): Значение outboundFlight 3 = 482;1350;04/11/2021	[MsgId: MMSG-17999]
Create.c(85): Значение outboundFlight 4 = 483;1169;04/11/2021	[MsgId: MMSG-17999]
Create.c(100): Количество билетов с чётной ценой = 2	[MsgId: MMSG-17999]
Create.c(104): Значение outboundFlight билета с чётной ценой = 480;1428;04/11/2021	[MsgId: MMSG-17999]
Create.c(104): Значение outboundFlight билета с чётной ценой = 482;1350;04/11/2021	[MsgId: MMSG-17999]
Create.c(110): Случайный номер билета из числа четных = 1	[MsgId: MMSG-17999]
Create.c(111): Выбран этот билет = 480;1428;04/11/2021	[MsgId: MMSG-17999]
Create.c(179): Информация о билете: = 04/11/2021 :  8am : Flight 480 leaves Paris  for Sydney	[MsgId: MMSG-17999]
Create.c(72): Цена 1 билета = 0	[MsgId: MMSG-17999]
Create.c(73): Цена 2 билета = 0	[MsgId: MMSG-17999]
Create.c(74): Цена 3 билета = 0	[MsgId: MMSG-17999]
Create.c(75): Цена 4 билета = 0	[MsgId: MMSG-17999]
Create.c(82): Значение outboundFlight 1 = 880;0;04/11/2021	[MsgId: MMSG-17999]
Create.c(83): Значение outboundFlight 2 = 881;0;04/11/2021	[MsgId: MMSG-17999]
Create.c(84): Значение outboundFlight 3 = 882;0;04/11/2021	[MsgId: MMSG-17999]
Create.c(85): Значение outboundFlight 4 = 883;0;04/11/2021	[MsgId: MMSG-17999]
Create.c(100): Количество билетов с чётной ценой = 4	[MsgId: MMSG-17999]
Create.c(104): Значение outboundFlight билета с чётной ценой = 902;746;04/11/2021	[MsgId: MMSG-17999]
Create.c(104): Значение outboundFlight билета с чётной ценой = 903;646;04/11/2021	[MsgId: MMSG-17999]
Create.c(104): Значение outboundFlight билета с чётной ценой = 882;0;04/11/2021	[MsgId: MMSG-17999]
Create.c(104): Значение outboundFlight билета с чётной ценой = 883;0;04/11/2021	[MsgId: MMSG-17999]
Create.c(110): Случайный номер билета из числа четных = 2	[MsgId: MMSG-17999]
Create.c(111): Выбран этот билет = 903;646;04/11/2021	[MsgId: MMSG-17999]
Create.c(179): Информация о билете: = 04/11/2021 :  11pm : Flight 903 leaves Zurich  for Denver	[MsgId: MMSG-17999]
Create.c(72): Цена 1 билета = 424	[MsgId: MMSG-17999]
Create.c(73): Цена 2 билета = 378	[MsgId: MMSG-17999]
Create.c(74): Цена 3 билета = 401	[MsgId: MMSG-17999]
Create.c(75): Цена 4 билета = 347	[MsgId: MMSG-17999]
Create.c(82): Значение outboundFlight 1 = 310;424;04/11/2021	[MsgId: MMSG-17999]
Create.c(83): Значение outboundFlight 2 = 311;378;04/11/2021	[MsgId: MMSG-17999]
Create.c(84): Значение outboundFlight 3 = 312;401;04/11/2021	[MsgId: MMSG-17999]
Create.c(85): Значение outboundFlight 4 = 313;347;04/11/2021	[MsgId: MMSG-17999]
Create.c(100): Количество билетов с чётной ценой = 2	[MsgId: MMSG-17999]
Create.c(104): Значение outboundFlight билета с чётной ценой = 381;596;04/11/2021	[MsgId: MMSG-17999]
Create.c(104): Значение outboundFlight билета с чётной ценой = 383;548;04/11/2021	[MsgId: MMSG-17999]
Create.c(110): Случайный номер билета из числа четных = 1	[MsgId: MMSG-17999]
Create.c(111): Выбран этот билет = 381;596;04/11/2021	[MsgId: MMSG-17999]
Create.c(72): Цена 1 билета = 110	[MsgId: MMSG-17999]
Create.c(73): Цена 2 билета = 98	[MsgId: MMSG-17999]
Create.c(74): Цена 3 билета = 104	[MsgId: MMSG-17999]
Create.c(75): Цена 4 билета = 90	[MsgId: MMSG-17999]
Create.c(82): Значение outboundFlight 1 = 650;110;04/11/2021	[MsgId: MMSG-17999]
Create.c(83): Значение outboundFlight 2 = 651;98;04/11/2021	[MsgId: MMSG-17999]
Create.c(84): Значение outboundFlight 3 = 652;104;04/11/2021	[MsgId: MMSG-17999]
Create.c(85): Значение outboundFlight 4 = 653;90;04/11/2021	[MsgId: MMSG-17999]
Create.c(100): Количество билетов с чётной ценой = 4	[MsgId: MMSG-17999]
Create.c(104): Значение outboundFlight билета с чётной ценой = 650;110;04/11/2021	[MsgId: MMSG-17999]
Create.c(104): Значение outboundFlight билета с чётной ценой = 651;98;04/11/2021	[MsgId: MMSG-17999]
Create.c(104): Значение outboundFlight билета с чётной ценой = 652;104;04/11/2021	[MsgId: MMSG-17999]
Create.c(104): Значение outboundFlight билета с чётной ценой = 653;90;04/11/2021	[MsgId: MMSG-17999]
Create.c(110): Случайный номер билета из числа четных = 3	[MsgId: MMSG-17999]
Create.c(111): Выбран этот билет = 652;104;04/11/2021	[MsgId: MMSG-17999]
Create.c(179): Информация о билете: = 04/11/2021 :  1pm : Flight 381 leaves Los Angeles  for Sydney	[MsgId: MMSG-17999]
Create.c(179): Информация о билете: = 04/11/2021 :  5pm : Flight 652 leaves San Francisco  for Portland	[MsgId: MMSG-17999]
Create.c(72): Цена 1 билета = 110	[MsgId: MMSG-17999]
Create.c(73): Цена 2 билета = 98	[MsgId: MMSG-17999]
Create.c(74): Цена 3 билета = 104	[MsgId: MMSG-17999]
Create.c(75): Цена 4 билета = 90	[MsgId: MMSG-17999]
Create.c(82): Значение outboundFlight 1 = 560;110;04/11/2021	[MsgId: MMSG-17999]
Create.c(83): Значение outboundFlight 2 = 561;98;04/11/2021	[MsgId: MMSG-17999]
Create.c(84): Значение outboundFlight 3 = 562;104;04/11/2021	[MsgId: MMSG-17999]
Create.c(85): Значение outboundFlight 4 = 563;90;04/11/2021	[MsgId: MMSG-17999]
Create.c(100): Количество билетов с чётной ценой = 4	[MsgId: MMSG-17999]
Create.c(104): Значение outboundFlight билета с чётной ценой = 110;0;04/11/2021	[MsgId: MMSG-17999]
Create.c(104): Значение outboundFlight билета с чётной ценой = 111;0;04/11/2021	[MsgId: MMSG-17999]
Create.c(104): Значение outboundFlight билета с чётной ценой = 112;0;04/11/2021	[MsgId: MMSG-17999]
Create.c(104): Значение outboundFlight билета с чётной ценой = 113;0;04/11/2021	[MsgId: MMSG-17999]
Create.c(110): Случайный номер билета из числа четных = 3	[MsgId: MMSG-17999]
Create.c(111): Выбран этот билет = 112;0;04/11/2021	[MsgId: MMSG-17999]
Create.c(179): Информация о билете: = 04/11/2021 :  5pm : Flight 112 leaves Frankfurt  for Frankfurt	[MsgId: MMSG-17999]
Create.c(72): Цена 1 билета = 559	[MsgId: MMSG-17999]
Create.c(73): Цена 2 билета = 498	[MsgId: MMSG-17999]
Create.c(74): Цена 3 билета = 529	[MsgId: MMSG-17999]
Create.c(75): Цена 4 билета = 458	[MsgId: MMSG-17999]
Create.c(82): Значение outboundFlight 1 = 100;559;04/11/2021	[MsgId: MMSG-17999]
Create.c(83): Значение outboundFlight 2 = 101;498;04/11/2021	[MsgId: MMSG-17999]
Create.c(84): Значение outboundFlight 3 = 102;529;04/11/2021	[MsgId: MMSG-17999]
Create.c(85): Значение outboundFlight 4 = 103;458;04/11/2021	[MsgId: MMSG-17999]
Create.c(100): Количество билетов с чётной ценой = 3	[MsgId: MMSG-17999]
Create.c(104): Значение outboundFlight билета с чётной ценой = 840;1428;04/11/2021	[MsgId: MMSG-17999]
Create.c(104): Значение outboundFlight билета с чётной ценой = 842;1350;04/11/2021	[MsgId: MMSG-17999]
Create.c(104): Значение outboundFlight билета с чётной ценой = 103;458;04/11/2021	[MsgId: MMSG-17999]
Create.c(110): Случайный номер билета из числа четных = 1	[MsgId: MMSG-17999]
Create.c(111): Выбран этот билет = 840;1428;04/11/2021	[MsgId: MMSG-17999]
Create.c(179): Информация о билете: = 04/11/2021 :  8am : Flight 840 leaves Sydney  for Paris	[MsgId: MMSG-17999]
Create.c(72): Цена 1 билета = 0	[MsgId: MMSG-17999]
Create.c(73): Цена 2 билета = 0	[MsgId: MMSG-17999]
Create.c(74): Цена 3 билета = 0	[MsgId: MMSG-17999]
Create.c(75): Цена 4 билета = 0	[MsgId: MMSG-17999]
Create.c(82): Значение outboundFlight 1 = 770;0;04/11/2021	[MsgId: MMSG-17999]
Create.c(83): Значение outboundFlight 2 = 771;0;04/11/2021	[MsgId: MMSG-17999]
Create.c(84): Значение outboundFlight 3 = 772;0;04/11/2021	[MsgId: MMSG-17999]
Create.c(85): Значение outboundFlight 4 = 773;0;04/11/2021	[MsgId: MMSG-17999]
Create.c(97): Билетов с четной ценой нет, скрипт завершен, билет не создан	[MsgId: MMSG-17999]
Create.c(72): Цена 1 билета = 657	[MsgId: MMSG-17999]
Create.c(73): Цена 2 билета = 586	[MsgId: MMSG-17999]
Create.c(74): Цена 3 билета = 622	[MsgId: MMSG-17999]
Create.c(75): Цена 4 билета = 538	[MsgId: MMSG-17999]
Create.c(82): Значение outboundFlight 1 = 040;657;04/11/2021	[MsgId: MMSG-17999]
Create.c(83): Значение outboundFlight 2 = 041;586;04/11/2021	[MsgId: MMSG-17999]
Create.c(84): Значение outboundFlight 3 = 042;622;04/11/2021	[MsgId: MMSG-17999]
Create.c(85): Значение outboundFlight 4 = 043;538;04/11/2021	[MsgId: MMSG-17999]
Create.c(100): Количество билетов с чётной ценой = 4	[MsgId: MMSG-17999]
Create.c(104): Значение outboundFlight билета с чётной ценой = 550;0;04/11/2021	[MsgId: MMSG-17999]
Create.c(104): Значение outboundFlight билета с чётной ценой = 551;0;04/11/2021	[MsgId: MMSG-17999]
Create.c(104): Значение outboundFlight билета с чётной ценой = 552;0;04/11/2021	[MsgId: MMSG-17999]
Create.c(104): Значение outboundFlight билета с чётной ценой = 553;0;04/11/2021	[MsgId: MMSG-17999]
Create.c(110): Случайный номер билета из числа четных = 4	[MsgId: MMSG-17999]
Create.c(111): Выбран этот билет = 553;0;04/11/2021	[MsgId: MMSG-17999]
Create.c(179): Информация о билете: = 04/11/2021 :  11pm : Flight 553 leaves Portland  for Portland	[MsgId: MMSG-17999]
Create.c(72): Цена 1 билета = 902	[MsgId: MMSG-17999]
Create.c(73): Цена 2 билета = 804	[MsgId: MMSG-17999]
Create.c(74): Цена 3 билета = 853	[MsgId: MMSG-17999]
Create.c(75): Цена 4 билета = 738	[MsgId: MMSG-17999]
Create.c(82): Значение outboundFlight 1 = 640;902;04/11/2021	[MsgId: MMSG-17999]
Create.c(83): Значение outboundFlight 2 = 641;804;04/11/2021	[MsgId: MMSG-17999]
Create.c(84): Значение outboundFlight 3 = 642;853;04/11/2021	[MsgId: MMSG-17999]
Create.c(85): Значение outboundFlight 4 = 643;738;04/11/2021	[MsgId: MMSG-17999]
Create.c(100): Количество билетов с чётной ценой = 4	[MsgId: MMSG-17999]
Create.c(104): Значение outboundFlight билета с чётной ценой = 731;292;04/11/2021	[MsgId: MMSG-17999]
Create.c(104): Значение outboundFlight билета с чётной ценой = 732;310;04/11/2021	[MsgId: MMSG-17999]
Create.c(104): Значение outboundFlight билета с чётной ценой = 733;268;04/11/2021	[MsgId: MMSG-17999]
Create.c(104): Значение outboundFlight билета с чётной ценой = 643;738;04/11/2021	[MsgId: MMSG-17999]
Create.c(110): Случайный номер билета из числа четных = 1	[MsgId: MMSG-17999]
Create.c(111): Выбран этот билет = 731;292;04/11/2021	[MsgId: MMSG-17999]
Create.c(179): Информация о билете: = 04/11/2021 :  1pm : Flight 731 leaves Seattle  for Los Angeles	[MsgId: MMSG-17999]
Create.c(72): Цена 1 билета = 0	[MsgId: MMSG-17999]
Create.c(73): Цена 2 билета = 0	[MsgId: MMSG-17999]
Create.c(74): Цена 3 билета = 0	[MsgId: MMSG-17999]
Create.c(75): Цена 4 билета = 0	[MsgId: MMSG-17999]
Create.c(82): Значение outboundFlight 1 = 880;0;04/11/2021	[MsgId: MMSG-17999]
Create.c(83): Значение outboundFlight 2 = 881;0;04/11/2021	[MsgId: MMSG-17999]
Create.c(84): Значение outboundFlight 3 = 882;0;04/11/2021	[MsgId: MMSG-17999]
Create.c(85): Значение outboundFlight 4 = 883;0;04/11/2021	[MsgId: MMSG-17999]
Create.c(100): Количество билетов с чётной ценой = 4	[MsgId: MMSG-17999]
Create.c(104): Значение outboundFlight билета с чётной ценой = 700;424;04/11/2021	[MsgId: MMSG-17999]
Create.c(104): Значение outboundFlight билета с чётной ценой = 881;0;04/11/2021	[MsgId: MMSG-17999]
Create.c(104): Значение outboundFlight билета с чётной ценой = 882;0;04/11/2021	[MsgId: MMSG-17999]
Create.c(104): Значение outboundFlight билета с чётной ценой = 883;0;04/11/2021	[MsgId: MMSG-17999]
Create.c(110): Случайный номер билета из числа четных = 1	[MsgId: MMSG-17999]
Create.c(111): Выбран этот билет = 700;424;04/11/2021	[MsgId: MMSG-17999]
Create.c(179): Информация о билете: = 04/11/2021 :  8am : Flight 700 leaves Seattle  for Denver	[MsgId: MMSG-17999]
Create.c(72): Цена 1 билета = 226	[MsgId: MMSG-17999]
Create.c(73): Цена 2 билета = 201	[MsgId: MMSG-17999]
Create.c(74): Цена 3 билета = 214	[MsgId: MMSG-17999]
Create.c(75): Цена 4 билета = 185	[MsgId: MMSG-17999]
Create.c(82): Значение outboundFlight 1 = 310;226;04/11/2021	[MsgId: MMSG-17999]
Create.c(83): Значение outboundFlight 2 = 311;201;04/11/2021	[MsgId: MMSG-17999]
Create.c(84): Значение outboundFlight 3 = 312;214;04/11/2021	[MsgId: MMSG-17999]
Create.c(85): Значение outboundFlight 4 = 313;185;04/11/2021	[MsgId: MMSG-17999]
Create.c(100): Количество билетов с чётной ценой = 3	[MsgId: MMSG-17999]
Create.c(104): Значение outboundFlight билета с чётной ценой = 480;1428;04/11/2021	[MsgId: MMSG-17999]
Create.c(104): Значение outboundFlight билета с чётной ценой = 482;1350;04/11/2021	[MsgId: MMSG-17999]
Create.c(104): Значение outboundFlight билета с чётной ценой = 312;214;04/11/2021	[MsgId: MMSG-17999]
Create.c(110): Случайный номер билета из числа четных = 1	[MsgId: MMSG-17999]
Create.c(111): Выбран этот билет = 480;1428;04/11/2021	[MsgId: MMSG-17999]
Create.c(179): Информация о билете: = 04/11/2021 :  8am : Flight 480 leaves Paris  for Sydney	[MsgId: MMSG-17999]
Create.c(72): Цена 1 билета = 385	[MsgId: MMSG-17999]
Create.c(73): Цена 2 билета = 343	[MsgId: MMSG-17999]
Create.c(74): Цена 3 билета = 364	[MsgId: MMSG-17999]
Create.c(75): Цена 4 билета = 315	[MsgId: MMSG-17999]
Create.c(82): Значение outboundFlight 1 = 210;385;04/11/2021	[MsgId: MMSG-17999]
Create.c(83): Значение outboundFlight 2 = 211;343;04/11/2021	[MsgId: MMSG-17999]
Create.c(84): Значение outboundFlight 3 = 212;364;04/11/2021	[MsgId: MMSG-17999]
Create.c(85): Значение outboundFlight 4 = 213;315;04/11/2021	[MsgId: MMSG-17999]
Create.c(100): Количество билетов с чётной ценой = 4	[MsgId: MMSG-17999]
Create.c(104): Значение outboundFlight билета с чётной ценой = 902;746;04/11/2021	[MsgId: MMSG-17999]
Create.c(104): Значение outboundFlight билета с чётной ценой = 903;646;04/11/2021	[MsgId: MMSG-17999]
Create.c(104): Значение outboundFlight билета с чётной ценой = 882;0;04/11/2021	[MsgId: MMSG-17999]
Create.c(104): Значение outboundFlight билета с чётной ценой = 883;0;04/11/2021	[MsgId: MMSG-17999]
Create.c(110): Случайный номер билета из числа четных = 1	[MsgId: MMSG-17999]
Create.c(111): Выбран этот билет = 902;746;04/11/2021	[MsgId: MMSG-17999]
Create.c(179): Информация о билете: = 04/11/2021 :  5pm : Flight 902 leaves Zurich  for Denver	[MsgId: MMSG-17999]
Create.c(72): Цена 1 билета = 598	[MsgId: MMSG-17999]
Create.c(73): Цена 2 билета = 533	[MsgId: MMSG-17999]
Create.c(74): Цена 3 билета = 565	[MsgId: MMSG-17999]
Create.c(75): Цена 4 билета = 489	[MsgId: MMSG-17999]
Create.c(82): Значение outboundFlight 1 = 470;598;04/11/2021	[MsgId: MMSG-17999]
Create.c(83): Значение outboundFlight 2 = 471;533;04/11/2021	[MsgId: MMSG-17999]
Create.c(84): Значение outboundFlight 3 = 472;565;04/11/2021	[MsgId: MMSG-17999]
Create.c(85): Значение outboundFlight 4 = 473;489;04/11/2021	[MsgId: MMSG-17999]
Create.c(100): Количество билетов с чётной ценой = 2	[MsgId: MMSG-17999]
Create.c(104): Значение outboundFlight билета с чётной ценой = 381;596;04/11/2021	[MsgId: MMSG-17999]
Create.c(104): Значение outboundFlight билета с чётной ценой = 383;548;04/11/2021	[MsgId: MMSG-17999]
Create.c(110): Случайный номер билета из числа четных = 2	[MsgId: MMSG-17999]
Create.c(111): Выбран этот билет = 383;548;04/11/2021	[MsgId: MMSG-17999]
Create.c(72): Цена 1 билета = 2071	[MsgId: MMSG-17999]
Create.c(73): Цена 2 билета = 1845	[MsgId: MMSG-17999]
Create.c(74): Цена 3 билета = 1958	[MsgId: MMSG-17999]
Create.c(75): Цена 4 билета = 1695	[MsgId: MMSG-17999]
Create.c(82): Значение outboundFlight 1 = 480;2071;04/11/2021	[MsgId: MMSG-17999]
Create.c(83): Значение outboundFlight 2 = 481;1845;04/11/2021	[MsgId: MMSG-17999]
Create.c(84): Значение outboundFlight 3 = 482;1958;04/11/2021	[MsgId: MMSG-17999]
Create.c(85): Значение outboundFlight 4 = 483;1695;04/11/2021	[MsgId: MMSG-17999]
Create.c(100): Количество билетов с чётной ценой = 4	[MsgId: MMSG-17999]
Create.c(104): Значение outboundFlight билета с чётной ценой = 650;110;04/11/2021	[MsgId: MMSG-17999]
Create.c(104): Значение outboundFlight билета с чётной ценой = 651;98;04/11/2021	[MsgId: MMSG-17999]
Create.c(104): Значение outboundFlight билета с чётной ценой = 652;104;04/11/2021	[MsgId: MMSG-17999]
Create.c(104): Значение outboundFlight билета с чётной ценой = 653;90;04/11/2021	[MsgId: MMSG-17999]
Create.c(110): Случайный номер билета из числа четных = 2	[MsgId: MMSG-17999]
Create.c(111): Выбран этот билет = 651;98;04/11/2021	[MsgId: MMSG-17999]
Create.c(179): Информация о билете: = 04/11/2021 :  11pm : Flight 383 leaves Los Angeles  for Sydney	[MsgId: MMSG-17999]
Create.c(179): Информация о билете: = 04/11/2021 :  1pm : Flight 651 leaves San Francisco  for Portland	[MsgId: MMSG-17999]
Create.c(72): Цена 1 билета = 0	[MsgId: MMSG-17999]
Create.c(73): Цена 2 билета = 0	[MsgId: MMSG-17999]
Create.c(74): Цена 3 билета = 0	[MsgId: MMSG-17999]
Create.c(75): Цена 4 билета = 0	[MsgId: MMSG-17999]
Create.c(82): Значение outboundFlight 1 = 440;0;04/11/2021	[MsgId: MMSG-17999]
Create.c(83): Значение outboundFlight 2 = 441;0;04/11/2021	[MsgId: MMSG-17999]
Create.c(84): Значение outboundFlight 3 = 442;0;04/11/2021	[MsgId: MMSG-17999]
Create.c(85): Значение outboundFlight 4 = 443;0;04/11/2021	[MsgId: MMSG-17999]
Create.c(100): Количество билетов с чётной ценой = 4	[MsgId: MMSG-17999]
Create.c(104): Значение outboundFlight билета с чётной ценой = 110;0;04/11/2021	[MsgId: MMSG-17999]
Create.c(104): Значение outboundFlight билета с чётной ценой = 111;0;04/11/2021	[MsgId: MMSG-17999]
Create.c(104): Значение outboundFlight билета с чётной ценой = 112;0;04/11/2021	[MsgId: MMSG-17999]
Create.c(104): Значение outboundFlight билета с чётной ценой = 113;0;04/11/2021	[MsgId: MMSG-17999]
Create.c(110): Случайный номер билета из числа четных = 2	[MsgId: MMSG-17999]
Create.c(111): Выбран этот билет = 111;0;04/11/2021	[MsgId: MMSG-17999]
Create.c(179): Информация о билете: = 04/11/2021 :  1pm : Flight 111 leaves Frankfurt  for Frankfurt	[MsgId: MMSG-17999]
Create.c(72): Цена 1 билета = 902	[MsgId: MMSG-17999]
Create.c(73): Цена 2 билета = 804	[MsgId: MMSG-17999]
Create.c(74): Цена 3 билета = 853	[MsgId: MMSG-17999]
Create.c(75): Цена 4 билета = 738	[MsgId: MMSG-17999]
Create.c(82): Значение outboundFlight 1 = 460;902;04/11/2021	[MsgId: MMSG-17999]
Create.c(83): Значение outboundFlight 2 = 461;804;04/11/2021	[MsgId: MMSG-17999]
Create.c(84): Значение outboundFlight 3 = 462;853;04/11/2021	[MsgId: MMSG-17999]
Create.c(85): Значение outboundFlight 4 = 463;738;04/11/2021	[MsgId: MMSG-17999]
Create.c(100): Количество билетов с чётной ценой = 4	[MsgId: MMSG-17999]
Create.c(104): Значение outboundFlight билета с чётной ценой = 840;1428;04/11/2021	[MsgId: MMSG-17999]
Create.c(104): Значение outboundFlight билета с чётной ценой = 842;1350;04/11/2021	[MsgId: MMSG-17999]
Create.c(104): Значение outboundFlight билета с чётной ценой = 103;458;04/11/2021	[MsgId: MMSG-17999]
Create.c(104): Значение outboundFlight билета с чётной ценой = 463;738;04/11/2021	[MsgId: MMSG-17999]
Create.c(110): Случайный номер билета из числа четных = 2	[MsgId: MMSG-17999]
Create.c(111): Выбран этот билет = 842;1350;04/11/2021	[MsgId: MMSG-17999]
Create.c(179): Информация о билете: = 04/11/2021 :  5pm : Flight 842 leaves Sydney  for Paris	[MsgId: MMSG-17999]
Create.c(72): Цена 1 билета = 251	[MsgId: MMSG-17999]
Create.c(73): Цена 2 билета = 224	[MsgId: MMSG-17999]
Create.c(74): Цена 3 билета = 238	[MsgId: MMSG-17999]
Create.c(75): Цена 4 билета = 206	[MsgId: MMSG-17999]
Create.c(82): Значение outboundFlight 1 = 300;251;04/11/2021	[MsgId: MMSG-17999]
Create.c(83): Значение outboundFlight 2 = 301;224;04/11/2021	[MsgId: MMSG-17999]
Create.c(84): Значение outboundFlight 3 = 302;238;04/11/2021	[MsgId: MMSG-17999]
Create.c(85): Значение outboundFlight 4 = 303;206;04/11/2021	[MsgId: MMSG-17999]
Create.c(97): Билетов с четной ценой нет, скрипт завершен, билет не создан	[MsgId: MMSG-17999]
Create.c(72): Цена 1 билета = 293	[MsgId: MMSG-17999]
Create.c(73): Цена 2 билета = 261	[MsgId: MMSG-17999]
Create.c(74): Цена 3 билета = 277	[MsgId: MMSG-17999]
Create.c(75): Цена 4 билета = 240	[MsgId: MMSG-17999]
Create.c(82): Значение outboundFlight 1 = 060;293;04/11/2021	[MsgId: MMSG-17999]
Create.c(83): Значение outboundFlight 2 = 061;261;04/11/2021	[MsgId: MMSG-17999]
Create.c(84): Значение outboundFlight 3 = 062;277;04/11/2021	[MsgId: MMSG-17999]
Create.c(85): Значение outboundFlight 4 = 063;240;04/11/2021	[MsgId: MMSG-17999]
Create.c(100): Количество билетов с чётной ценой = 4	[MsgId: MMSG-17999]
Create.c(104): Значение outboundFlight билета с чётной ценой = 550;0;04/11/2021	[MsgId: MMSG-17999]
Create.c(104): Значение outboundFlight билета с чётной ценой = 551;0;04/11/2021	[MsgId: MMSG-17999]
Create.c(104): Значение outboundFlight билета с чётной ценой = 552;0;04/11/2021	[MsgId: MMSG-17999]
Create.c(104): Значение outboundFlight билета с чётной ценой = 553;0;04/11/2021	[MsgId: MMSG-17999]
Create.c(110): Случайный номер билета из числа четных = 3	[MsgId: MMSG-17999]
Create.c(111): Выбран этот билет = 552;0;04/11/2021	[MsgId: MMSG-17999]
Create.c(179): Информация о билете: = 04/11/2021 :  5pm : Flight 552 leaves Portland  for Portland	[MsgId: MMSG-17999]
Create.c(72): Цена 1 билета = 1041	[MsgId: MMSG-17999]
Create.c(73): Цена 2 билета = 927	[MsgId: MMSG-17999]
Create.c(74): Цена 3 билета = 984	[MsgId: MMSG-17999]
Create.c(75): Цена 4 билета = 852	[MsgId: MMSG-17999]
Create.c(82): Значение outboundFlight 1 = 250;1041;04/11/2021	[MsgId: MMSG-17999]
Create.c(83): Значение outboundFlight 2 = 251;927;04/11/2021	[MsgId: MMSG-17999]
Create.c(84): Значение outboundFlight 3 = 252;984;04/11/2021	[MsgId: MMSG-17999]
Create.c(85): Значение outboundFlight 4 = 253;852;04/11/2021	[MsgId: MMSG-17999]
Create.c(100): Количество билетов с чётной ценой = 4	[MsgId: MMSG-17999]
Create.c(104): Значение outboundFlight билета с чётной ценой = 731;292;04/11/2021	[MsgId: MMSG-17999]
Create.c(104): Значение outboundFlight билета с чётной ценой = 732;310;04/11/2021	[MsgId: MMSG-17999]
Create.c(104): Значение outboundFlight билета с чётной ценой = 733;268;04/11/2021	[MsgId: MMSG-17999]
Create.c(104): Значение outboundFlight билета с чётной ценой = 643;738;04/11/2021	[MsgId: MMSG-17999]
Create.c(110): Случайный номер билета из числа четных = 3	[MsgId: MMSG-17999]
Create.c(111): Выбран этот билет = 733;268;04/11/2021	[MsgId: MMSG-17999]
Create.c(179): Информация о билете: = 04/11/2021 :  11pm : Flight 733 leaves Seattle  for Los Angeles	[MsgId: MMSG-17999]
Create.c(72): Цена 1 билета = 198	[MsgId: MMSG-17999]
Create.c(73): Цена 2 билета = 176	[MsgId: MMSG-17999]
Create.c(74): Цена 3 билета = 187	[MsgId: MMSG-17999]
Create.c(75): Цена 4 билета = 162	[MsgId: MMSG-17999]
Create.c(82): Значение outboundFlight 1 = 350;198;04/11/2021	[MsgId: MMSG-17999]
Create.c(83): Значение outboundFlight 2 = 351;176;04/11/2021	[MsgId: MMSG-17999]
Create.c(84): Значение outboundFlight 3 = 352;187;04/11/2021	[MsgId: MMSG-17999]
Create.c(85): Значение outboundFlight 4 = 353;162;04/11/2021	[MsgId: MMSG-17999]
Create.c(100): Количество билетов с чётной ценой = 4	[MsgId: MMSG-17999]
Create.c(104): Значение outboundFlight билета с чётной ценой = 700;424;04/11/2021	[MsgId: MMSG-17999]
Create.c(104): Значение outboundFlight билета с чётной ценой = 881;0;04/11/2021	[MsgId: MMSG-17999]
Create.c(104): Значение outboundFlight билета с чётной ценой = 882;0;04/11/2021	[MsgId: MMSG-17999]
Create.c(104): Значение outboundFlight билета с чётной ценой = 883;0;04/11/2021	[MsgId: MMSG-17999]
Create.c(110): Случайный номер билета из числа четных = 4	[MsgId: MMSG-17999]
Create.c(111): Выбран этот билет = 883;0;04/11/2021	[MsgId: MMSG-17999]
Create.c(179): Информация о билете: = 04/11/2021 :  11pm : Flight 883 leaves Sydney  for Sydney	[MsgId: MMSG-17999]
Create.c(72): Цена 1 билета = 669	[MsgId: MMSG-17999]
Create.c(73): Цена 2 билета = 596	[MsgId: MMSG-17999]
Create.c(74): Цена 3 билета = 633	[MsgId: MMSG-17999]
Create.c(75): Цена 4 билета = 548	[MsgId: MMSG-17999]
Create.c(82): Значение outboundFlight 1 = 380;669;04/11/2021	[MsgId: MMSG-17999]
Create.c(83): Значение outboundFlight 2 = 381;596;04/11/2021	[MsgId: MMSG-17999]
Create.c(84): Значение outboundFlight 3 = 382;633;04/11/2021	[MsgId: MMSG-17999]
Create.c(85): Значение outboundFlight 4 = 383;548;04/11/2021	[MsgId: MMSG-17999]
Create.c(100): Количество билетов с чётной ценой = 4	[MsgId: MMSG-17999]
Create.c(104): Значение outboundFlight билета с чётной ценой = 480;1428;04/11/2021	[MsgId: MMSG-17999]
Create.c(104): Значение outboundFlight билета с чётной ценой = 482;1350;04/11/2021	[MsgId: MMSG-17999]
Create.c(104): Значение outboundFlight билета с чётной ценой = 312;214;04/11/2021	[MsgId: MMSG-17999]
Create.c(104): Значение outboundFlight билета с чётной ценой = 383;548;04/11/2021	[MsgId: MMSG-17999]
Create.c(110): Случайный номер билета из числа четных = 4	[MsgId: MMSG-17999]
Create.c(111): Выбран этот билет = 383;548;04/11/2021	[MsgId: MMSG-17999]
Create.c(179): Информация о билете: = 04/11/2021 :  11pm : Flight 383 leaves Los Angeles  for Sydney	[MsgId: MMSG-17999]
Create.c(72): Цена 1 билета = 0	[MsgId: MMSG-17999]
Create.c(73): Цена 2 билета = 0	[MsgId: MMSG-17999]
Create.c(74): Цена 3 билета = 0	[MsgId: MMSG-17999]
Create.c(75): Цена 4 билета = 0	[MsgId: MMSG-17999]
Create.c(82): Значение outboundFlight 1 = 440;0;04/11/2021	[MsgId: MMSG-17999]
Create.c(83): Значение outboundFlight 2 = 441;0;04/11/2021	[MsgId: MMSG-17999]
Create.c(84): Значение outboundFlight 3 = 442;0;04/11/2021	[MsgId: MMSG-17999]
Create.c(85): Значение outboundFlight 4 = 443;0;04/11/2021	[MsgId: MMSG-17999]
Create.c(100): Количество билетов с чётной ценой = 4	[MsgId: MMSG-17999]
Create.c(104): Значение outboundFlight билета с чётной ценой = Connecting [0] to host 127.0.0.1:8086	[MsgId: MMSG-17999]
Create.c(104): Значение outboundFlight билета с чётной ценой = Connecting [5] to host 127.0.0.1:1080	[MsgId: MMSG-17999]
Create.c(104): Значение outboundFlight билета с чётной ценой = 882;0;04/11/2021	[MsgId: MMSG-17999]
Create.c(104): Значение outboundFlight билета с чётной ценой = 883;0;04/11/2021	[MsgId: MMSG-17999]
Create.c(110): Случайный номер билета из числа четных = 3	[MsgId: MMSG-17999]
Create.c(111): Выбран этот билет = 882;0;04/11/2021	[MsgId: MMSG-17999]
Create.c(179): Информация о билете: = 04/11/2021 :  5pm : Flight 882 leaves Sydney  for Sydney	[MsgId: MMSG-17999]
Create.c(72): Цена 1 билета = 649	[MsgId: MMSG-17999]
Create.c(73): Цена 2 билета = 578	[MsgId: MMSG-17999]
Create.c(74): Цена 3 билета = 614	[MsgId: MMSG-17999]
Create.c(75): Цена 4 билета = 531	[MsgId: MMSG-17999]
Create.c(82): Значение outboundFlight 1 = 930;649;04/11/2021	[MsgId: MMSG-17999]
Create.c(83): Значение outboundFlight 2 = 931;578;04/11/2021	[MsgId: MMSG-17999]
Create.c(84): Значение outboundFlight 3 = 932;614;04/11/2021	[MsgId: MMSG-17999]
Create.c(85): Значение outboundFlight 4 = 933;531;04/11/2021	[MsgId: MMSG-17999]
Create.c(100): Количество билетов с чётной ценой = 3	[MsgId: MMSG-17999]
Create.c(104): Значение outboundFlight билета с чётной ценой = Already connected [1] to localhost:1080	[MsgId: MMSG-17999]
Create.c(104): Значение outboundFlight билета с чётной ценой = Connecting [4] to host 127.0.0.1:1080	[MsgId: MMSG-17999]
Create.c(104): Значение outboundFlight билета с чётной ценой = 932;614;04/11/2021	[MsgId: MMSG-17999]
Create.c(110): Случайный номер билета из числа четных = 1	[MsgId: MMSG-17999]
Create.c(111): Выбран этот билет = Already connected [1] to localhost:1080	[MsgId: MMSG-17999]
Create.c(72): Цена 1 билета = 565	[MsgId: MMSG-17999]
Create.c(73): Цена 2 билета = 503	[MsgId: MMSG-17999]
Create.c(74): Цена 3 билета = 534	[MsgId: MMSG-17999]
Create.c(75): Цена 4 билета = 462	[MsgId: MMSG-17999]
Create.c(82): Значение outboundFlight 1 = 720;565;04/11/2021	[MsgId: MMSG-17999]
Create.c(83): Значение outboundFlight 2 = 721;503;04/11/2021	[MsgId: MMSG-17999]
Create.c(84): Значение outboundFlight 3 = 722;534;04/11/2021	[MsgId: MMSG-17999]
Create.c(85): Значение outboundFlight 4 = 723;462;04/11/2021	[MsgId: MMSG-17999]
Create.c(100): Количество билетов с чётной ценой = 4	[MsgId: MMSG-17999]
Create.c(104): Значение outboundFlight билета с чётной ценой = 650;110;04/11/2021	[MsgId: MMSG-17999]
Create.c(104): Значение outboundFlight билета с чётной ценой = 651;98;04/11/2021	[MsgId: MMSG-17999]
Create.c(104): Значение outboundFlight билета с чётной ценой = 652;104;04/11/2021	[MsgId: MMSG-17999]
Create.c(104): Значение outboundFlight билета с чётной ценой = 653;90;04/11/2021	[MsgId: MMSG-17999]
Create.c(110): Случайный номер билета из числа четных = 4	[MsgId: MMSG-17999]
Create.c(111): Выбран этот билет = 653;90;04/11/2021	[MsgId: MMSG-17999]
Create.c(179): Информация о билете: = :  8am : Flight Already connected [1] to localhost:1080 leaves Denver  for Denver	[MsgId: MMSG-17999]
Create.c(179): Информация о билете: = 04/11/2021 :  11pm : Flight 653 leaves San Francisco  for Portland	[MsgId: MMSG-17999]
Create.c(72): Цена 1 билета = 328	[MsgId: MMSG-17999]
Create.c(73): Цена 2 билета = 292	[MsgId: MMSG-17999]
Create.c(74): Цена 3 билета = 310	[MsgId: MMSG-17999]
Create.c(75): Цена 4 билета = 268	[MsgId: MMSG-17999]
Create.c(82): Значение outboundFlight 1 = 310;328;04/11/2021	[MsgId: MMSG-17999]
Create.c(83): Значение outboundFlight 2 = 311;292;04/11/2021	[MsgId: MMSG-17999]
Create.c(84): Значение outboundFlight 3 = 312;310;04/11/2021	[MsgId: MMSG-17999]
Create.c(85): Значение outboundFlight 4 = 313;268;04/11/2021	[MsgId: MMSG-17999]
Create.c(100): Количество билетов с чётной ценой = 4	[MsgId: MMSG-17999]
Create.c(104): Значение outboundFlight билета с чётной ценой = 110;0;04/11/2021	[MsgId: MMSG-17999]
Create.c(104): Значение outboundFlight билета с чётной ценой = 111;0;04/11/2021	[MsgId: MMSG-17999]
Create.c(104): Значение outboundFlight билета с чётной ценой = 112;0;04/11/2021	[MsgId: MMSG-17999]
Create.c(104): Значение outboundFlight билета с чётной ценой = 113;0;04/11/2021	[MsgId: MMSG-17999]
Create.c(110): Случайный номер билета из числа четных = 1	[MsgId: MMSG-17999]
Create.c(111): Выбран этот билет = 110;0;04/11/2021	[MsgId: MMSG-17999]
Create.c(179): Информация о билете: = 04/11/2021 :  8am : Flight 110 leaves Frankfurt  for Frankfurt	[MsgId: MMSG-17999]
Create.c(72): Цена 1 билета = 2287	[MsgId: MMSG-17999]
Create.c(73): Цена 2 билета = 2037	[MsgId: MMSG-17999]
Create.c(74): Цена 3 билета = 2162	[MsgId: MMSG-17999]
Create.c(75): Цена 4 билета = 1871	[MsgId: MMSG-17999]
Create.c(82): Значение outboundFlight 1 = 810;2287;04/11/2021	[MsgId: MMSG-17999]
Create.c(83): Значение outboundFlight 2 = 811;2037;04/11/2021	[MsgId: MMSG-17999]
Create.c(84): Значение outboundFlight 3 = 812;2162;04/11/2021	[MsgId: MMSG-17999]
Create.c(85): Значение outboundFlight 4 = 813;1871;04/11/2021	[MsgId: MMSG-17999]
Create.c(100): Количество билетов с чётной ценой = 4	[MsgId: MMSG-17999]
Create.c(104): Значение outboundFlight билета с чётной ценой = 840;1428;04/11/2021	[MsgId: MMSG-17999]
Create.c(104): Значение outboundFlight билета с чётной ценой = 842;1350;04/11/2021	[MsgId: MMSG-17999]
Create.c(104): Значение outboundFlight билета с чётной ценой = 103;458;04/11/2021	[MsgId: MMSG-17999]
Create.c(104): Значение outboundFlight билета с чётной ценой = 463;738;04/11/2021	[MsgId: MMSG-17999]
Create.c(110): Случайный номер билета из числа четных = 1	[MsgId: MMSG-17999]
Create.c(111): Выбран этот билет = 840;1428;04/11/2021	[MsgId: MMSG-17999]
Create.c(179): Информация о билете: = 04/11/2021 :  8am : Flight 840 leaves Sydney  for Paris	[MsgId: MMSG-17999]
Create.c(72): Цена 1 билета = 657	[MsgId: MMSG-17999]
Create.c(73): Цена 2 билета = 586	[MsgId: MMSG-17999]
Create.c(74): Цена 3 билета = 622	[MsgId: MMSG-17999]
Create.c(75): Цена 4 билета = 538	[MsgId: MMSG-17999]
Create.c(82): Значение outboundFlight 1 = 040;657;04/11/2021	[MsgId: MMSG-17999]
Create.c(83): Значение outboundFlight 2 = 041;586;04/11/2021	[MsgId: MMSG-17999]
Create.c(84): Значение outboundFlight 3 = 042;622;04/11/2021	[MsgId: MMSG-17999]
Create.c(85): Значение outboundFlight 4 = 043;538;04/11/2021	[MsgId: MMSG-17999]
Create.c(97): Билетов с четной ценой нет, скрипт завершен, билет не создан	[MsgId: MMSG-17999]
Create.c(72): Цена 1 билета = 438	[MsgId: MMSG-17999]
Create.c(73): Цена 2 билета = 391	[MsgId: MMSG-17999]
Create.c(74): Цена 3 билета = 414	[MsgId: MMSG-17999]
Create.c(75): Цена 4 билета = 359	[MsgId: MMSG-17999]
Create.c(82): Значение outboundFlight 1 = 340;438;04/11/2021	[MsgId: MMSG-17999]
Create.c(83): Значение outboundFlight 2 = 341;391;04/11/2021	[MsgId: MMSG-17999]
Create.c(84): Значение outboundFlight 3 = 342;414;04/11/2021	[MsgId: MMSG-17999]
Create.c(85): Значение outboundFlight 4 = 343;359;04/11/2021	[MsgId: MMSG-17999]
Create.c(100): Количество билетов с чётной ценой = 4	[MsgId: MMSG-17999]
Create.c(104): Значение outboundFlight билета с чётной ценой = 550;0;04/11/2021	[MsgId: MMSG-17999]
Create.c(104): Значение outboundFlight билета с чётной ценой = 551;0;04/11/2021	[MsgId: MMSG-17999]
Create.c(104): Значение outboundFlight билета с чётной ценой = 552;0;04/11/2021	[MsgId: MMSG-17999]
Create.c(104): Значение outboundFlight билета с чётной ценой = 553;0;04/11/2021	[MsgId: MMSG-17999]
Create.c(110): Случайный номер билета из числа четных = 2	[MsgId: MMSG-17999]
Create.c(111): Выбран этот билет = 551;0;04/11/2021	[MsgId: MMSG-17999]
Create.c(179): Информация о билете: = 04/11/2021 :  1pm : Flight 551 leaves Portland  for Portland	[MsgId: MMSG-17999]
Create.c(72): Цена 1 билета = 1162	[MsgId: MMSG-17999]
Create.c(73): Цена 2 билета = 1035	[MsgId: MMSG-17999]
Create.c(74): Цена 3 билета = 1099	[MsgId: MMSG-17999]
Create.c(75): Цена 4 билета = 951	[MsgId: MMSG-17999]
Create.c(82): Значение outboundFlight 1 = 780;1162;04/11/2021	[MsgId: MMSG-17999]
Create.c(83): Значение outboundFlight 2 = 781;1035;04/11/2021	[MsgId: MMSG-17999]
Create.c(84): Значение outboundFlight 3 = 782;1099;04/11/2021	[MsgId: MMSG-17999]
Create.c(85): Значение outboundFlight 4 = 783;951;04/11/2021	[MsgId: MMSG-17999]
Create.c(100): Количество билетов с чётной ценой = 4	[MsgId: MMSG-17999]
Create.c(104): Значение outboundFlight билета с чётной ценой = 731;292;04/11/2021	[MsgId: MMSG-17999]
Create.c(104): Значение outboundFlight билета с чётной ценой = 732;310;04/11/2021	[MsgId: MMSG-17999]
Create.c(104): Значение outboundFlight билета с чётной ценой = 733;268;04/11/2021	[MsgId: MMSG-17999]
Create.c(104): Значение outboundFlight билета с чётной ценой = 643;738;04/11/2021	[MsgId: MMSG-17999]
Create.c(110): Случайный номер билета из числа четных = 2	[MsgId: MMSG-17999]
Create.c(111): Выбран этот билет = 732;310;04/11/2021	[MsgId: MMSG-17999]
Create.c(179): Информация о билете: = 04/11/2021 :  5pm : Flight 732 leaves Seattle  for Los Angeles	[MsgId: MMSG-17999]
Create.c(72): Цена 1 билета = 75	[MsgId: MMSG-17999]
Create.c(73): Цена 2 билета = 67	[MsgId: MMSG-17999]
Create.c(74): Цена 3 билета = 71	[MsgId: MMSG-17999]
Create.c(75): Цена 4 билета = 62	[MsgId: MMSG-17999]
Create.c(82): Значение outboundFlight 1 = 650;75;04/11/2021	[MsgId: MMSG-17999]
Create.c(83): Значение outboundFlight 2 = 651;67;04/11/2021	[MsgId: MMSG-17999]
Create.c(84): Значение outboundFlight 3 = 652;71;04/11/2021	[MsgId: MMSG-17999]
Create.c(85): Значение outboundFlight 4 = 653;62;04/11/2021	[MsgId: MMSG-17999]
Create.c(100): Количество билетов с чётной ценой = 4	[MsgId: MMSG-17999]
Create.c(104): Значение outboundFlight билета с чётной ценой = 700;424;04/11/2021	[MsgId: MMSG-17999]
Create.c(104): Значение outboundFlight билета с чётной ценой = 881;0;04/11/2021	[MsgId: MMSG-17999]
Create.c(104): Значение outboundFlight билета с чётной ценой = 882;0;04/11/2021	[MsgId: MMSG-17999]
Create.c(104): Значение outboundFlight билета с чётной ценой = 883;0;04/11/2021	[MsgId: MMSG-17999]
Create.c(110): Случайный номер билета из числа четных = 2	[MsgId: MMSG-17999]
Create.c(111): Выбран этот билет = 881;0;04/11/2021	[MsgId: MMSG-17999]
Create.c(179): Информация о билете: = 04/11/2021 :  1pm : Flight 881 leaves Sydney  for Sydney	[MsgId: MMSG-17999]
Create.c(72): Цена 1 билета = 2679	[MsgId: MMSG-17999]
Create.c(73): Цена 2 билета = 2386	[MsgId: MMSG-17999]
Create.c(74): Цена 3 билета = 2533	[MsgId: MMSG-17999]
Create.c(75): Цена 4 билета = 2192	[MsgId: MMSG-17999]
Create.c(82): Значение outboundFlight 1 = 840;2679;04/11/2021	[MsgId: MMSG-17999]
Create.c(83): Значение outboundFlight 2 = 841;2386;04/11/2021	[MsgId: MMSG-17999]
Create.c(84): Значение outboundFlight 3 = 842;2533;04/11/2021	[MsgId: MMSG-17999]
Create.c(85): Значение outboundFlight 4 = 843;2192;04/11/2021	[MsgId: MMSG-17999]
Create.c(100): Количество билетов с чётной ценой = 4	[MsgId: MMSG-17999]
Create.c(104): Значение outboundFlight билета с чётной ценой = 480;1428;04/11/2021	[MsgId: MMSG-17999]
Create.c(104): Значение outboundFlight билета с чётной ценой = 482;1350;04/11/2021	[MsgId: MMSG-17999]
Create.c(104): Значение outboundFlight билета с чётной ценой = 312;214;04/11/2021	[MsgId: MMSG-17999]
Create.c(104): Значение outboundFlight билета с чётной ценой = 383;548;04/11/2021	[MsgId: MMSG-17999]
Create.c(110): Случайный номер билета из числа четных = 3	[MsgId: MMSG-17999]
Create.c(111): Выбран этот билет = 312;214;04/11/2021	[MsgId: MMSG-17999]
Create.c(179): Информация о билете: = 04/11/2021 :  5pm : Flight 312 leaves Los Angeles  for Frankfurt	[MsgId: MMSG-17999]
Create.c(72): Цена 1 билета = 64	[MsgId: MMSG-17999]
Create.c(73): Цена 2 билета = 57	[MsgId: MMSG-17999]
Create.c(74): Цена 3 билета = 61	[MsgId: MMSG-17999]
Create.c(75): Цена 4 билета = 53	[MsgId: MMSG-17999]
Create.c(82): Значение outboundFlight 1 = 750;64;04/11/2021	[MsgId: MMSG-17999]
Create.c(83): Значение outboundFlight 2 = 751;57;04/11/2021	[MsgId: MMSG-17999]
Create.c(84): Значение outboundFlight 3 = 752;61;04/11/2021	[MsgId: MMSG-17999]
Create.c(85): Значение outboundFlight 4 = 753;53;04/11/2021	[MsgId: MMSG-17999]
Create.c(100): Количество билетов с чётной ценой = 4	[MsgId: MMSG-17999]
Create.c(104): Значение outboundFlight билета с чётной ценой = Connecting [0] to host 127.0.0.1:8086	[MsgId: MMSG-17999]
Create.c(104): Значение outboundFlight билета с чётной ценой = Connecting [5] to host 127.0.0.1:1080	[MsgId: MMSG-17999]
Create.c(104): Значение outboundFlight билета с чётной ценой = 882;0;04/11/2021	[MsgId: MMSG-17999]
Create.c(104): Значение outboundFlight билета с чётной ценой = 883;0;04/11/2021	[MsgId: MMSG-17999]
Create.c(110): Случайный номер билета из числа четных = 2	[MsgId: MMSG-17999]
Create.c(111): Выбран этот билет = Connecting [5] to host 127.0.0.1:1080	[MsgId: MMSG-17999]
Create.c(179): Информация о билете: = :  8am : Flight Connecting [5] to host 127.0.0.1:1080 leaves Denver  for Denver	[MsgId: MMSG-17999]
Create.c(72): Цена 1 билета = 0	[MsgId: MMSG-17999]
Create.c(73): Цена 2 билета = 0	[MsgId: MMSG-17999]
Create.c(74): Цена 3 билета = 0	[MsgId: MMSG-17999]
Create.c(75): Цена 4 билета = 0	[MsgId: MMSG-17999]
Create.c(82): Значение outboundFlight 1 = 440;0;04/11/2021	[MsgId: MMSG-17999]
Create.c(83): Значение outboundFlight 2 = 441;0;04/11/2021	[MsgId: MMSG-17999]
Create.c(84): Значение outboundFlight 3 = 442;0;04/11/2021	[MsgId: MMSG-17999]
Create.c(85): Значение outboundFlight 4 = 443;0;04/11/2021	[MsgId: MMSG-17999]
Create.c(100): Количество билетов с чётной ценой = 4	[MsgId: MMSG-17999]
Create.c(104): Значение outboundFlight билета с чётной ценой = Already connected [1] to localhost:1080	[MsgId: MMSG-17999]
Create.c(104): Значение outboundFlight билета с чётной ценой = Connecting [4] to host 127.0.0.1:1080	[MsgId: MMSG-17999]
Create.c(104): Значение outboundFlight билета с чётной ценой = 932;614;04/11/2021	[MsgId: MMSG-17999]
Create.c(104): Значение outboundFlight билета с чётной ценой = 443;0;04/11/2021	[MsgId: MMSG-17999]
Create.c(110): Случайный номер билета из числа четных = 3	[MsgId: MMSG-17999]
Create.c(111): Выбран этот билет = 932;614;04/11/2021	[MsgId: MMSG-17999]
Create.c(72): Цена 1 билета = 773	[MsgId: MMSG-17999]
Create.c(73): Цена 2 билета = 688	[MsgId: MMSG-17999]
Create.c(74): Цена 3 билета = 731	[MsgId: MMSG-17999]
Create.c(75): Цена 4 билета = 632	[MsgId: MMSG-17999]
Create.c(82): Значение outboundFlight 1 = 230;773;04/11/2021	[MsgId: MMSG-17999]
Create.c(83): Значение outboundFlight 2 = 231;688;04/11/2021	[MsgId: MMSG-17999]
Create.c(84): Значение outboundFlight 3 = 232;731;04/11/2021	[MsgId: MMSG-17999]
Create.c(85): Значение outboundFlight 4 = 233;632;04/11/2021	[MsgId: MMSG-17999]
Create.c(100): Количество билетов с чётной ценой = 4	[MsgId: MMSG-17999]
Create.c(104): Значение outboundFlight билета с чётной ценой = 650;110;04/11/2021	[MsgId: MMSG-17999]
Create.c(104): Значение outboundFlight билета с чётной ценой = 651;98;04/11/2021	[MsgId: MMSG-17999]
Create.c(104): Значение outboundFlight билета с чётной ценой = 652;104;04/11/2021	[MsgId: MMSG-17999]
Create.c(104): Значение outboundFlight билета с чётной ценой = 653;90;04/11/2021	[MsgId: MMSG-17999]
Create.c(110): Случайный номер билета из числа четных = 3	[MsgId: MMSG-17999]
Create.c(111): Выбран этот билет = 652;104;04/11/2021	[MsgId: MMSG-17999]
Create.c(179): Информация о билете: = 04/11/2021 :  5pm : Flight 932 leaves Zurich  for Los Angeles	[MsgId: MMSG-17999]
Create.c(179): Информация о билете: = 04/11/2021 :  5pm : Flight 652 leaves San Francisco  for Portland	[MsgId: MMSG-17999]
Create.c(72): Цена 1 билета = 635	[MsgId: MMSG-17999]
Create.c(73): Цена 2 билета = 565	[MsgId: MMSG-17999]
Create.c(74): Цена 3 билета = 600	[MsgId: MMSG-17999]
Create.c(75): Цена 4 билета = 519	[MsgId: MMSG-17999]
Create.c(82): Значение outboundFlight 1 = 200;635;04/11/2021	[MsgId: MMSG-17999]
Create.c(83): Значение outboundFlight 2 = 201;565;04/11/2021	[MsgId: MMSG-17999]
Create.c(84): Значение outboundFlight 3 = 202;600;04/11/2021	[MsgId: MMSG-17999]
Create.c(85): Значение outboundFlight 4 = 203;519;04/11/2021	[MsgId: MMSG-17999]
Create.c(100): Количество билетов с чётной ценой = 4	[MsgId: MMSG-17999]
Create.c(104): Значение outboundFlight билета с чётной ценой = Connecting [5] to host 127.0.0.1:1080	[MsgId: MMSG-17999]
Create.c(104): Значение outboundFlight билета с чётной ценой = Already connected [1] to localhost:1080	[MsgId: MMSG-17999]
Create.c(104): Значение outboundFlight билета с чётной ценой = 003.OpenPage_ticket_FindFlight_ex2	[MsgId: MMSG-17999]
Create.c(104): Значение outboundFlight билета с чётной ценой = Already connected [0] to localhost:8086	[MsgId: MMSG-17999]
Create.c(110): Случайный номер билета из числа четных = 3	[MsgId: MMSG-17999]
Create.c(111): Выбран этот билет = 003.OpenPage_ticket_FindFlight_ex2	[MsgId: MMSG-17999]
Create.c(179): Информация о билете: = :  11pm : Flight 003.OpenPage_ticket_FindFlight_ex2 leaves Denver  for Denver	[MsgId: MMSG-17999]
Create.c(72): Цена 1 билета = 424	[MsgId: MMSG-17999]
Create.c(73): Цена 2 билета = 378	[MsgId: MMSG-17999]
Create.c(74): Цена 3 билета = 401	[MsgId: MMSG-17999]
Create.c(75): Цена 4 билета = 347	[MsgId: MMSG-17999]
Create.c(82): Значение outboundFlight 1 = 310;424;04/11/2021	[MsgId: MMSG-17999]
Create.c(83): Значение outboundFlight 2 = 311;378;04/11/2021	[MsgId: MMSG-17999]
Create.c(84): Значение outboundFlight 3 = 312;401;04/11/2021	[MsgId: MMSG-17999]
Create.c(85): Значение outboundFlight 4 = 313;347;04/11/2021	[MsgId: MMSG-17999]
Create.c(100): Количество билетов с чётной ценой = 4	[MsgId: MMSG-17999]
Create.c(104): Значение outboundFlight билета с чётной ценой = 312;401;04/11/2021	[MsgId: MMSG-17999]
Create.c(104): Значение outboundFlight билета с чётной ценой = 313;347;04/11/2021	[MsgId: MMSG-17999]
Create.c(104): Значение outboundFlight билета с чётной ценой = 103;458;04/11/2021	[MsgId: MMSG-17999]
Create.c(104): Значение outboundFlight билета с чётной ценой = 463;738;04/11/2021	[MsgId: MMSG-17999]
Create.c(110): Случайный номер билета из числа четных = 4	[MsgId: MMSG-17999]
Create.c(111): Выбран этот билет = 463;738;04/11/2021	[MsgId: MMSG-17999]
Create.c(179): Информация о билете: = 04/11/2021 :  11pm : Flight 463 leaves Paris  for San Francisco	[MsgId: MMSG-17999]
Create.c(72): Цена 1 билета = 162	[MsgId: MMSG-17999]
Create.c(73): Цена 2 билета = 145	[MsgId: MMSG-17999]
Create.c(74): Цена 3 билета = 154	[MsgId: MMSG-17999]
Create.c(75): Цена 4 билета = 133	[MsgId: MMSG-17999]
Create.c(82): Значение outboundFlight 1 = 670;162;04/11/2021	[MsgId: MMSG-17999]
Create.c(83): Значение outboundFlight 2 = 671;145;04/11/2021	[MsgId: MMSG-17999]
Create.c(84): Значение outboundFlight 3 = 672;154;04/11/2021	[MsgId: MMSG-17999]
Create.c(85): Значение outboundFlight 4 = 673;133;04/11/2021	[MsgId: MMSG-17999]
Create.c(97): Билетов с четной ценой нет, скрипт завершен, билет не создан	[MsgId: MMSG-17999]
Create.c(72): Цена 1 билета = 60	[MsgId: MMSG-17999]
Create.c(73): Цена 2 билета = 53	[MsgId: MMSG-17999]
Create.c(74): Цена 3 билета = 57	[MsgId: MMSG-17999]
Create.c(75): Цена 4 билета = 49	[MsgId: MMSG-17999]
Create.c(82): Значение outboundFlight 1 = 360;60;04/11/2021	[MsgId: MMSG-17999]
Create.c(83): Значение outboundFlight 2 = 361;53;04/11/2021	[MsgId: MMSG-17999]
Create.c(84): Значение outboundFlight 3 = 362;57;04/11/2021	[MsgId: MMSG-17999]
Create.c(85): Значение outboundFlight 4 = 363;49;04/11/2021	[MsgId: MMSG-17999]
Create.c(100): Количество билетов с чётной ценой = 4	[MsgId: MMSG-17999]
Create.c(104): Значение outboundFlight билета с чётной ценой = 550;0;04/11/2021	[MsgId: MMSG-17999]
Create.c(104): Значение outboundFlight билета с чётной ценой = 	[MsgId: MMSG-17999]
Create.c(104): Значение outboundFlight билета с чётной ценой = Already connected [2] to localhost:1080	[MsgId: MMSG-17999]
Create.c(104): Значение outboundFlight билета с чётной ценой = 360;60;04/11/2021	[MsgId: MMSG-17999]
Create.c(110): Случайный номер билета из числа четных = 4	[MsgId: MMSG-17999]
Create.c(111): Выбран этот билет = 360;60;04/11/2021	[MsgId: MMSG-17999]
Create.c(179): Информация о билете: = 04/11/2021 :  8am : Flight 360 leaves Los Angeles  for San Francisco	[MsgId: MMSG-17999]
Create.c(72): Цена 1 билета = 0	[MsgId: MMSG-17999]
Create.c(73): Цена 2 билета = 0	[MsgId: MMSG-17999]
Create.c(74): Цена 3 билета = 0	[MsgId: MMSG-17999]
Create.c(75): Цена 4 билета = 0	[MsgId: MMSG-17999]
Create.c(82): Значение outboundFlight 1 = 880;0;04/11/2021	[MsgId: MMSG-17999]
Create.c(83): Значение outboundFlight 2 = 881;0;04/11/2021	[MsgId: MMSG-17999]
Create.c(84): Значение outboundFlight 3 = 882;0;04/11/2021	[MsgId: MMSG-17999]
Create.c(85): Значение outboundFlight 4 = 883;0;04/11/2021	[MsgId: MMSG-17999]
Create.c(100): Количество билетов с чётной ценой = 4	[MsgId: MMSG-17999]
Create.c(104): Значение outboundFlight билета с чётной ценой = Connecting [0] to host 127.0.0.1:8086	[MsgId: MMSG-17999]
Create.c(104): Значение outboundFlight билета с чётной ценой = 006.Create_ticket_PaymentDetail_ex2	[MsgId: MMSG-17999]
Create.c(104): Значение outboundFlight билета с чётной ценой = Already connected [2] to localhost:1080	[MsgId: MMSG-17999]
Create.c(104): Значение outboundFlight билета с чётной ценой = 643;738;04/11/2021	[MsgId: MMSG-17999]
Create.c(110): Случайный номер билета из числа четных = 1	[MsgId: MMSG-17999]
Create.c(111): Выбран этот билет = Connecting [0] to host 127.0.0.1:8086	[MsgId: MMSG-17999]
Create.c(179): Информация о билете: = :  8am : Flight Connecting [0] to host 127.0.0.1:8086 leaves Denver  for Denver	[MsgId: MMSG-17999]
Create.c(72): Цена 1 билета = 971	[MsgId: MMSG-17999]
Create.c(73): Цена 2 билета = 865	[MsgId: MMSG-17999]
Create.c(74): Цена 3 билета = 918	[MsgId: MMSG-17999]
Create.c(75): Цена 4 билета = 794	[MsgId: MMSG-17999]
Create.c(82): Значение outboundFlight 1 = 380;971;04/11/2021	[MsgId: MMSG-17999]
Create.c(83): Значение outboundFlight 2 = 381;865;04/11/2021	[MsgId: MMSG-17999]
Create.c(84): Значение outboundFlight 3 = 382;918;04/11/2021	[MsgId: MMSG-17999]
Create.c(85): Значение outboundFlight 4 = 383;794;04/11/2021	[MsgId: MMSG-17999]
Create.c(100): Количество билетов с чётной ценой = 4	[MsgId: MMSG-17999]
Create.c(104): Значение outboundFlight билета с чётной ценой = 700;424;04/11/2021	[MsgId: MMSG-17999]
Create.c(104): Значение outboundFlight билета с чётной ценой = 881;0;04/11/2021	[MsgId: MMSG-17999]
Create.c(104): Значение outboundFlight билета с чётной ценой = 882;0;04/11/2021	[MsgId: MMSG-17999]
Create.c(104): Значение outboundFlight билета с чётной ценой = 883;0;04/11/2021	[MsgId: MMSG-17999]
Create.c(110): Случайный номер билета из числа четных = 1	[MsgId: MMSG-17999]
Create.c(111): Выбран этот билет = 700;424;04/11/2021	[MsgId: MMSG-17999]
Create.c(179): Информация о билете: = 04/11/2021 :  8am : Flight 700 leaves Seattle  for Denver	[MsgId: MMSG-17999]
Create.c(72): Цена 1 билета = 251	[MsgId: MMSG-17999]
Create.c(73): Цена 2 билета = 224	[MsgId: MMSG-17999]
Create.c(74): Цена 3 билета = 238	[MsgId: MMSG-17999]
Create.c(75): Цена 4 билета = 206	[MsgId: MMSG-17999]
Create.c(82): Значение outboundFlight 1 = 300;251;04/11/2021	[MsgId: MMSG-17999]
Create.c(83): Значение outboundFlight 2 = 301;224;04/11/2021	[MsgId: MMSG-17999]
Create.c(84): Значение outboundFlight 3 = 302;238;04/11/2021	[MsgId: MMSG-17999]
Create.c(85): Значение outboundFlight 4 = 303;206;04/11/2021	[MsgId: MMSG-17999]
Create.c(100): Количество билетов с чётной ценой = 4	[MsgId: MMSG-17999]
Create.c(104): Значение outboundFlight билета с чётной ценой = 480;1428;04/11/2021	[MsgId: MMSG-17999]
Create.c(104): Значение outboundFlight билета с чётной ценой = 482;1350;04/11/2021	[MsgId: MMSG-17999]
Create.c(104): Значение outboundFlight билета с чётной ценой = 312;214;04/11/2021	[MsgId: MMSG-17999]
Create.c(104): Значение outboundFlight билета с чётной ценой = 383;548;04/11/2021	[MsgId: MMSG-17999]
Create.c(110): Случайный номер билета из числа четных = 1	[MsgId: MMSG-17999]
Create.c(111): Выбран этот билет = 480;1428;04/11/2021	[MsgId: MMSG-17999]
Create.c(179): Информация о билете: = 04/11/2021 :  8am : Flight 480 leaves Paris  for Sydney	[MsgId: MMSG-17999]
Create.c(72): Цена 1 билета = 808	[MsgId: MMSG-17999]
Create.c(73): Цена 2 билета = 720	[MsgId: MMSG-17999]
Create.c(74): Цена 3 билета = 764	[MsgId: MMSG-17999]
Create.c(75): Цена 4 билета = 661	[MsgId: MMSG-17999]
Create.c(82): Значение outboundFlight 1 = 610;808;04/11/2021	[MsgId: MMSG-17999]
Create.c(83): Значение outboundFlight 2 = 611;720;04/11/2021	[MsgId: MMSG-17999]
Create.c(84): Значение outboundFlight 3 = 612;764;04/11/2021	[MsgId: MMSG-17999]
Create.c(85): Значение outboundFlight 4 = 613;661;04/11/2021	[MsgId: MMSG-17999]
Create.c(100): Количество билетов с чётной ценой = 4	[MsgId: MMSG-17999]
Create.c(104): Значение outboundFlight билета с чётной ценой = Connecting [0] to host 127.0.0.1:8086	[MsgId: MMSG-17999]
Create.c(104): Значение outboundFlight билета с чётной ценой = Connecting [5] to host 127.0.0.1:1080	[MsgId: MMSG-17999]
Create.c(104): Значение outboundFlight билета с чётной ценой = Already connected [0] to localhost:1080	[MsgId: MMSG-17999]
Create.c(104): Значение outboundFlight билета с чётной ценой = Already connected [0] to localhost:8086	[MsgId: MMSG-17999]
Create.c(110): Случайный номер билета из числа четных = 4	[MsgId: MMSG-17999]
Create.c(111): Выбран этот билет = Already connected [0] to localhost:8086	[MsgId: MMSG-17999]
Create.c(179): Информация о билете: = :  8am : Flight Already connected [0] to localhost:8086 leaves Denver  for Denver	[MsgId: MMSG-17999]
Create.c(72): Цена 1 билета = 1768	[MsgId: MMSG-17999]
Create.c(73): Цена 2 билета = 1575	[MsgId: MMSG-17999]
Create.c(74): Цена 3 билета = 1672	[MsgId: MMSG-17999]
Create.c(75): Цена 4 билета = 1447	[MsgId: MMSG-17999]
Create.c(82): Значение outboundFlight 1 = 810;1768;04/11/2021	[MsgId: MMSG-17999]
Create.c(83): Значение outboundFlight 2 = 811;1575;04/11/2021	[MsgId: MMSG-17999]
Create.c(84): Значение outboundFlight 3 = 812;1672;04/11/2021	[MsgId: MMSG-17999]
Create.c(85): Значение outboundFlight 4 = 813;1447;04/11/2021	[MsgId: MMSG-17999]
Create.c(100): Количество билетов с чётной ценой = 4	[MsgId: MMSG-17999]
Create.c(104): Значение outboundFlight билета с чётной ценой = Already connected [1] to localhost:1080	[MsgId: MMSG-17999]
Create.c(104): Значение outboundFlight билета с чётной ценой = Connecting [4] to host 127.0.0.1:1080	[MsgId: MMSG-17999]
Create.c(104): Значение outboundFlight билета с чётной ценой = 932;614;04/11/2021	[MsgId: MMSG-17999]
Create.c(104): Значение outboundFlight билета с чётной ценой = 443;0;04/11/2021	[MsgId: MMSG-17999]
Create.c(110): Случайный номер билета из числа четных = 2	[MsgId: MMSG-17999]
Create.c(111): Выбран этот билет = Connecting [4] to host 127.0.0.1:1080	[MsgId: MMSG-17999]
Create.c(72): Цена 1 билета = 202	[MsgId: MMSG-17999]
Create.c(73): Цена 2 билета = 180	[MsgId: MMSG-17999]
Create.c(74): Цена 3 билета = 191	[MsgId: MMSG-17999]
Create.c(75): Цена 4 билета = 165	[MsgId: MMSG-17999]
Create.c(82): Значение outboundFlight 1 = 600;202;04/11/2021	[MsgId: MMSG-17999]
Create.c(83): Значение outboundFlight 2 = 601;180;04/11/2021	[MsgId: MMSG-17999]
Create.c(84): Значение outboundFlight 3 = 602;191;04/11/2021	[MsgId: MMSG-17999]
Create.c(85): Значение outboundFlight 4 = 603;165;04/11/2021	[MsgId: MMSG-17999]
Create.c(100): Количество билетов с чётной ценой = 4	[MsgId: MMSG-17999]
Create.c(104): Значение outboundFlight билета с чётной ценой = 650;110;04/11/2021	[MsgId: MMSG-17999]
Create.c(104): Значение outboundFlight билета с чётной ценой = 651;98;04/11/2021	[MsgId: MMSG-17999]
Create.c(104): Значение outboundFlight билета с чётной ценой = 652;104;04/11/2021	[MsgId: MMSG-17999]
Create.c(104): Значение outboundFlight билета с чётной ценой = 653;90;04/11/2021	[MsgId: MMSG-17999]
Create.c(110): Случайный номер билета из числа четных = 2	[MsgId: MMSG-17999]
Create.c(111): Выбран этот билет = 651;98;04/11/2021	[MsgId: MMSG-17999]
Create.c(179): Информация о билете: = :  8am : Flight Connecting [4] to host 127.0.0.1:1080 leaves Denver  for Denver	[MsgId: MMSG-17999]
Create.c(179): Информация о билете: = 04/11/2021 :  1pm : Flight 651 leaves San Francisco  for Portland	[MsgId: MMSG-17999]
Create.c(72): Цена 1 билета = 805	[MsgId: MMSG-17999]
Create.c(73): Цена 2 билета = 717	[MsgId: MMSG-17999]
Create.c(74): Цена 3 билета = 761	[MsgId: MMSG-17999]
Create.c(75): Цена 4 билета = 658	[MsgId: MMSG-17999]
Create.c(82): Значение outboundFlight 1 = 580;805;04/11/2021	[MsgId: MMSG-17999]
Create.c(83): Значение outboundFlight 2 = 581;717;04/11/2021	[MsgId: MMSG-17999]
Create.c(84): Значение outboundFlight 3 = 582;761;04/11/2021	[MsgId: MMSG-17999]
Create.c(85): Значение outboundFlight 4 = 583;658;04/11/2021	[MsgId: MMSG-17999]
Create.c(100): Количество билетов с чётной ценой = 4	[MsgId: MMSG-17999]
Create.c(104): Значение outboundFlight билета с чётной ценой = Connecting [5] to host 127.0.0.1:1080	[MsgId: MMSG-17999]
Create.c(104): Значение outboundFlight билета с чётной ценой = Already connected [1] to localhost:1080	[MsgId: MMSG-17999]
Create.c(104): Значение outboundFlight билета с чётной ценой = 003.OpenPage_ticket_FindFlight_ex2	[MsgId: MMSG-17999]
Create.c(104): Значение outboundFlight билета с чётной ценой = Already connected [0] to localhost:8086	[MsgId: MMSG-17999]
Create.c(110): Случайный номер билета из числа четных = 2	[MsgId: MMSG-17999]
Create.c(111): Выбран этот билет = Already connected [1] to localhost:1080	[MsgId: MMSG-17999]
Create.c(179): Информация о билете: = :  8am : Flight Already connected [1] to localhost:1080 leaves Denver  for Denver	[MsgId: MMSG-17999]
Create.c(72): Цена 1 билета = 808	[MsgId: MMSG-17999]
Create.c(73): Цена 2 билета = 720	[MsgId: MMSG-17999]
Create.c(74): Цена 3 билета = 764	[MsgId: MMSG-17999]
Create.c(75): Цена 4 билета = 661	[MsgId: MMSG-17999]
Create.c(82): Значение outboundFlight 1 = 160;808;04/11/2021	[MsgId: MMSG-17999]
Create.c(83): Значение outboundFlight 2 = 161;720;04/11/2021	[MsgId: MMSG-17999]
Create.c(84): Значение outboundFlight 3 = 162;764;04/11/2021	[MsgId: MMSG-17999]
Create.c(85): Значение outboundFlight 4 = 163;661;04/11/2021	[MsgId: MMSG-17999]
Create.c(100): Количество билетов с чётной ценой = 4	[MsgId: MMSG-17999]
Create.c(104): Значение outboundFlight билета с чётной ценой = 312;401;04/11/2021	[MsgId: MMSG-17999]
Create.c(104): Значение outboundFlight билета с чётной ценой = 313;347;04/11/2021	[MsgId: MMSG-17999]
Create.c(104): Значение outboundFlight билета с чётной ценой = 103;458;04/11/2021	[MsgId: MMSG-17999]
Create.c(104): Значение outboundFlight билета с чётной ценой = 463;738;04/11/2021	[MsgId: MMSG-17999]
Create.c(110): Случайный номер билета из числа четных = 2	[MsgId: MMSG-17999]
Create.c(111): Выбран этот билет = 313;347;04/11/2021	[MsgId: MMSG-17999]
Create.c(179): Информация о билете: = 04/11/2021 :  11pm : Flight 313 leaves Los Angeles  for Frankfurt	[MsgId: MMSG-17999]
Create.c(72): Цена 1 билета = 839	[MsgId: MMSG-17999]
Create.c(73): Цена 2 билета = 747	[MsgId: MMSG-17999]
Create.c(74): Цена 3 билета = 793	[MsgId: MMSG-17999]
Create.c(75): Цена 4 билета = 686	[MsgId: MMSG-17999]
Create.c(82): Значение outboundFlight 1 = 970;839;04/11/2021	[MsgId: MMSG-17999]
Create.c(83): Значение outboundFlight 2 = 971;747;04/11/2021	[MsgId: MMSG-17999]
Create.c(84): Значение outboundFlight 3 = 972;793;04/11/2021	[MsgId: MMSG-17999]
Create.c(85): Значение outboundFlight 4 = 973;686;04/11/2021	[MsgId: MMSG-17999]
Create.c(97): Билетов с четной ценой нет, скрипт завершен, билет не создан	[MsgId: MMSG-17999]
Create.c(72): Цена 1 билета = 502	[MsgId: MMSG-17999]
Create.c(73): Цена 2 билета = 447	[MsgId: MMSG-17999]
Create.c(74): Цена 3 билета = 475	[MsgId: MMSG-17999]
Create.c(75): Цена 4 билета = 411	[MsgId: MMSG-17999]
Create.c(82): Значение outboundFlight 1 = 930;502;04/11/2021	[MsgId: MMSG-17999]
Create.c(83): Значение outboundFlight 2 = 931;447;04/11/2021	[MsgId: MMSG-17999]
Create.c(84): Значение outboundFlight 3 = 932;475;04/11/2021	[MsgId: MMSG-17999]
Create.c(85): Значение outboundFlight 4 = 933;411;04/11/2021	[MsgId: MMSG-17999]
Create.c(100): Количество билетов с чётной ценой = 4	[MsgId: MMSG-17999]
Create.c(104): Значение outboundFlight билета с чётной ценой = 005.Create_ticket_ChooseCost_ex2	[MsgId: MMSG-17999]
Create.c(104): Значение outboundFlight билета с чётной ценой = 	[MsgId: MMSG-17999]
Create.c(104): Значение outboundFlight билета с чётной ценой = Already connected [2] to localhost:1080	[MsgId: MMSG-17999]
Create.c(104): Значение outboundFlight билета с чётной ценой = 360;60;04/11/2021	[MsgId: MMSG-17999]
Create.c(110): Случайный номер билета из числа четных = 3	[MsgId: MMSG-17999]
Create.c(111): Выбран этот билет = Already connected [2] to localhost:1080	[MsgId: MMSG-17999]
Create.c(179): Информация о билете: = :  8am : Flight Already connected [2] to localhost:1080 leaves Denver  for Denver	[MsgId: MMSG-17999]
Create.c(72): Цена 1 билета = 379	[MsgId: MMSG-17999]
Create.c(73): Цена 2 билета = 338	[MsgId: MMSG-17999]
Create.c(74): Цена 3 билета = 358	[MsgId: MMSG-17999]
Create.c(75): Цена 4 билета = 310	[MsgId: MMSG-17999]
Create.c(82): Значение outboundFlight 1 = 060;379;04/11/2021	[MsgId: MMSG-17999]
Create.c(83): Значение outboundFlight 2 = 061;338;04/11/2021	[MsgId: MMSG-17999]
Create.c(84): Значение outboundFlight 3 = 062;358;04/11/2021	[MsgId: MMSG-17999]
Create.c(85): Значение outboundFlight 4 = 063;310;04/11/2021	[MsgId: MMSG-17999]
Create.c(100): Количество билетов с чётной ценой = 4	[MsgId: MMSG-17999]
Create.c(104): Значение outboundFlight билета с чётной ценой = Connecting [0] to host 127.0.0.1:8086	[MsgId: MMSG-17999]
Create.c(104): Значение outboundFlight билета с чётной ценой = 006.Create_ticket_PaymentDetail_ex2	[MsgId: MMSG-17999]
Create.c(104): Значение outboundFlight билета с чётной ценой = Already connected [2] to localhost:1080	[MsgId: MMSG-17999]
Create.c(104): Значение outboundFlight билета с чётной ценой = 643;738;04/11/2021	[MsgId: MMSG-17999]
Create.c(110): Случайный номер билета из числа четных = 3	[MsgId: MMSG-17999]
Create.c(111): Выбран этот билет = Already connected [2] to localhost:1080	[MsgId: MMSG-17999]
Create.c(179): Информация о билете: = :  8am : Flight Already connected [2] to localhost:1080 leaves Denver  for Denver	[MsgId: MMSG-17999]
